[2019-03-19 07:05:02] local.ERROR: PDOException: SQLSTATE[42S22]: Column not found: 1054 Unknown column 'nis' in 'field list' in C:\xampp\htdocs\sekolahAPI\vendor\illuminate\database\Connection.php:452
Stack trace:
#0 C:\xampp\htdocs\sekolahAPI\vendor\illuminate\database\Connection.php(452): PDO->prepare('insert into `t_...')
#1 C:\xampp\htdocs\sekolahAPI\vendor\illuminate\database\Connection.php(657): Illuminate\Database\Connection->Illuminate\Database\{closure}('insert into `t_...', Array)
#2 C:\xampp\htdocs\sekolahAPI\vendor\illuminate\database\Connection.php(624): Illuminate\Database\Connection->runQueryCallback('insert into `t_...', Array, Object(Closure))
#3 C:\xampp\htdocs\sekolahAPI\vendor\illuminate\database\Connection.php(459): Illuminate\Database\Connection->run('insert into `t_...', Array, Object(Closure))
#4 C:\xampp\htdocs\sekolahAPI\vendor\illuminate\database\Connection.php(411): Illuminate\Database\Connection->statement('insert into `t_...', Array)
#5 C:\xampp\htdocs\sekolahAPI\vendor\illuminate\database\Query\Processors\Processor.php(32): Illuminate\Database\Connection->insert('insert into `t_...', Array)
#6 C:\xampp\htdocs\sekolahAPI\vendor\illuminate\database\Query\Builder.php(2633): Illuminate\Database\Query\Processors\Processor->processInsertGetId(Object(Illuminate\Database\Query\Builder), 'insert into `t_...', Array, 'id')
#7 C:\xampp\htdocs\sekolahAPI\vendor\illuminate\database\Eloquent\Builder.php(1347): Illuminate\Database\Query\Builder->insertGetId(Array, 'id')
#8 C:\xampp\htdocs\sekolahAPI\vendor\illuminate\database\Eloquent\Model.php(835): Illuminate\Database\Eloquent\Builder->__call('insertGetId', Array)
#9 C:\xampp\htdocs\sekolahAPI\vendor\illuminate\database\Eloquent\Model.php(800): Illuminate\Database\Eloquent\Model->insertAndSetId(Object(Illuminate\Database\Eloquent\Builder), Array)
#10 C:\xampp\htdocs\sekolahAPI\vendor\illuminate\database\Eloquent\Model.php(663): Illuminate\Database\Eloquent\Model->performInsert(Object(Illuminate\Database\Eloquent\Builder))
#11 C:\xampp\htdocs\sekolahAPI\vendor\illuminate\database\Eloquent\Builder.php(793): Illuminate\Database\Eloquent\Model->save()
#12 C:\xampp\htdocs\sekolahAPI\vendor\illuminate\support\helpers.php(1122): Illuminate\Database\Eloquent\Builder->Illuminate\Database\Eloquent\{closure}(Object(App\Siswa))
#13 C:\xampp\htdocs\sekolahAPI\vendor\illuminate\database\Eloquent\Builder.php(794): tap(Object(App\Siswa), Object(Closure))
#14 C:\xampp\htdocs\sekolahAPI\vendor\illuminate\support\Traits\ForwardsCalls.php(23): Illuminate\Database\Eloquent\Builder->create(Array)
#15 C:\xampp\htdocs\sekolahAPI\vendor\illuminate\database\Eloquent\Model.php(1614): Illuminate\Database\Eloquent\Model->forwardCallTo(Object(Illuminate\Database\Eloquent\Builder), 'create', Array)
#16 C:\xampp\htdocs\sekolahAPI\vendor\illuminate\database\Eloquent\Model.php(1626): Illuminate\Database\Eloquent\Model->__call('create', Array)
#17 C:\xampp\htdocs\sekolahAPI\app\Http\Controllers\SiswaController.php(28): Illuminate\Database\Eloquent\Model::__callStatic('create', Array)
#18 [internal function]: App\Http\Controllers\SiswaController->create(Object(Laravel\Lumen\Http\Request))
#19 C:\xampp\htdocs\sekolahAPI\vendor\illuminate\container\BoundMethod.php(32): call_user_func_array(Array, Array)
#20 C:\xampp\htdocs\sekolahAPI\vendor\illuminate\container\BoundMethod.php(90): Illuminate\Container\BoundMethod::Illuminate\Container\{closure}()
#21 C:\xampp\htdocs\sekolahAPI\vendor\illuminate\container\BoundMethod.php(34): Illuminate\Container\BoundMethod::callBoundMethod(Object(Laravel\Lumen\Application), Array, Object(Closure))
#22 C:\xampp\htdocs\sekolahAPI\vendor\illuminate\container\Container.php(580): Illuminate\Container\BoundMethod::call(Object(Laravel\Lumen\Application), Array, Array, NULL)
#23 C:\xampp\htdocs\sekolahAPI\vendor\laravel\lumen-framework\src\Concerns\RoutesRequests.php(376): Illuminate\Container\Container->call(Array, Array)
#24 C:\xampp\htdocs\sekolahAPI\vendor\laravel\lumen-framework\src\Concerns\RoutesRequests.php(342): Laravel\Lumen\Application->callControllerCallable(Array, Array)
#25 C:\xampp\htdocs\sekolahAPI\vendor\laravel\lumen-framework\src\Concerns\RoutesRequests.php(316): Laravel\Lumen\Application->callLumenController(Object(App\Http\Controllers\SiswaController), 'create', Array)
#26 C:\xampp\htdocs\sekolahAPI\vendor\laravel\lumen-framework\src\Concerns\RoutesRequests.php(278): Laravel\Lumen\Application->callControllerAction(Array)
#27 C:\xampp\htdocs\sekolahAPI\vendor\laravel\lumen-framework\src\Concerns\RoutesRequests.php(263): Laravel\Lumen\Application->callActionOnArrayBasedRoute(Array)
#28 C:\xampp\htdocs\sekolahAPI\vendor\laravel\lumen-framework\src\Concerns\RoutesRequests.php(165): Laravel\Lumen\Application->handleFoundRoute(Array)
#29 C:\xampp\htdocs\sekolahAPI\vendor\laravel\lumen-framework\src\Concerns\RoutesRequests.php(416): Laravel\Lumen\Application->Laravel\Lumen\Concerns\{closure}(Object(Laravel\Lumen\Http\Request))
#30 C:\xampp\htdocs\sekolahAPI\vendor\laravel\lumen-framework\src\Concerns\RoutesRequests.php(171): Laravel\Lumen\Application->sendThroughPipeline(Array, Object(Closure))
#31 C:\xampp\htdocs\sekolahAPI\vendor\laravel\lumen-framework\src\Concerns\RoutesRequests.php(108): Laravel\Lumen\Application->dispatch(NULL)
#32 C:\xampp\htdocs\sekolahAPI\public\index.php(28): Laravel\Lumen\Application->run()
#33 {main}

Next Illuminate\Database\QueryException: SQLSTATE[42S22]: Column not found: 1054 Unknown column 'nis' in 'field list' (SQL: insert into `t_siswa` (`nis`, `nama_lengkap`, `jenis_kelamin`, `alamat`, `updated_at`, `created_at`) values (1401016, Ferrai, L, DimanaSaja, 2019-03-19 07:05:01, 2019-03-19 07:05:01)) in C:\xampp\htdocs\sekolahAPI\vendor\illuminate\database\Connection.php:664
Stack trace:
#0 C:\xampp\htdocs\sekolahAPI\vendor\illuminate\database\Connection.php(624): Illuminate\Database\Connection->runQueryCallback('insert into `t_...', Array, Object(Closure))
#1 C:\xampp\htdocs\sekolahAPI\vendor\illuminate\database\Connection.php(459): Illuminate\Database\Connection->run('insert into `t_...', Array, Object(Closure))
#2 C:\xampp\htdocs\sekolahAPI\vendor\illuminate\database\Connection.php(411): Illuminate\Database\Connection->statement('insert into `t_...', Array)
#3 C:\xampp\htdocs\sekolahAPI\vendor\illuminate\database\Query\Processors\Processor.php(32): Illuminate\Database\Connection->insert('insert into `t_...', Array)
#4 C:\xampp\htdocs\sekolahAPI\vendor\illuminate\database\Query\Builder.php(2633): Illuminate\Database\Query\Processors\Processor->processInsertGetId(Object(Illuminate\Database\Query\Builder), 'insert into `t_...', Array, 'id')
#5 C:\xampp\htdocs\sekolahAPI\vendor\illuminate\database\Eloquent\Builder.php(1347): Illuminate\Database\Query\Builder->insertGetId(Array, 'id')
#6 C:\xampp\htdocs\sekolahAPI\vendor\illuminate\database\Eloquent\Model.php(835): Illuminate\Database\Eloquent\Builder->__call('insertGetId', Array)
#7 C:\xampp\htdocs\sekolahAPI\vendor\illuminate\database\Eloquent\Model.php(800): Illuminate\Database\Eloquent\Model->insertAndSetId(Object(Illuminate\Database\Eloquent\Builder), Array)
#8 C:\xampp\htdocs\sekolahAPI\vendor\illuminate\database\Eloquent\Model.php(663): Illuminate\Database\Eloquent\Model->performInsert(Object(Illuminate\Database\Eloquent\Builder))
#9 C:\xampp\htdocs\sekolahAPI\vendor\illuminate\database\Eloquent\Builder.php(793): Illuminate\Database\Eloquent\Model->save()
#10 C:\xampp\htdocs\sekolahAPI\vendor\illuminate\support\helpers.php(1122): Illuminate\Database\Eloquent\Builder->Illuminate\Database\Eloquent\{closure}(Object(App\Siswa))
#11 C:\xampp\htdocs\sekolahAPI\vendor\illuminate\database\Eloquent\Builder.php(794): tap(Object(App\Siswa), Object(Closure))
#12 C:\xampp\htdocs\sekolahAPI\vendor\illuminate\support\Traits\ForwardsCalls.php(23): Illuminate\Database\Eloquent\Builder->create(Array)
#13 C:\xampp\htdocs\sekolahAPI\vendor\illuminate\database\Eloquent\Model.php(1614): Illuminate\Database\Eloquent\Model->forwardCallTo(Object(Illuminate\Database\Eloquent\Builder), 'create', Array)
#14 C:\xampp\htdocs\sekolahAPI\vendor\illuminate\database\Eloquent\Model.php(1626): Illuminate\Database\Eloquent\Model->__call('create', Array)
#15 C:\xampp\htdocs\sekolahAPI\app\Http\Controllers\SiswaController.php(28): Illuminate\Database\Eloquent\Model::__callStatic('create', Array)
#16 [internal function]: App\Http\Controllers\SiswaController->create(Object(Laravel\Lumen\Http\Request))
#17 C:\xampp\htdocs\sekolahAPI\vendor\illuminate\container\BoundMethod.php(32): call_user_func_array(Array, Array)
#18 C:\xampp\htdocs\sekolahAPI\vendor\illuminate\container\BoundMethod.php(90): Illuminate\Container\BoundMethod::Illuminate\Container\{closure}()
#19 C:\xampp\htdocs\sekolahAPI\vendor\illuminate\container\BoundMethod.php(34): Illuminate\Container\BoundMethod::callBoundMethod(Object(Laravel\Lumen\Application), Array, Object(Closure))
#20 C:\xampp\htdocs\sekolahAPI\vendor\illuminate\container\Container.php(580): Illuminate\Container\BoundMethod::call(Object(Laravel\Lumen\Application), Array, Array, NULL)
#21 C:\xampp\htdocs\sekolahAPI\vendor\laravel\lumen-framework\src\Concerns\RoutesRequests.php(376): Illuminate\Container\Container->call(Array, Array)
#22 C:\xampp\htdocs\sekolahAPI\vendor\laravel\lumen-framework\src\Concerns\RoutesRequests.php(342): Laravel\Lumen\Application->callControllerCallable(Array, Array)
#23 C:\xampp\htdocs\sekolahAPI\vendor\laravel\lumen-framework\src\Concerns\RoutesRequests.php(316): Laravel\Lumen\Application->callLumenController(Object(App\Http\Controllers\SiswaController), 'create', Array)
#24 C:\xampp\htdocs\sekolahAPI\vendor\laravel\lumen-framework\src\Concerns\RoutesRequests.php(278): Laravel\Lumen\Application->callControllerAction(Array)
#25 C:\xampp\htdocs\sekolahAPI\vendor\laravel\lumen-framework\src\Concerns\RoutesRequests.php(263): Laravel\Lumen\Application->callActionOnArrayBasedRoute(Array)
#26 C:\xampp\htdocs\sekolahAPI\vendor\laravel\lumen-framework\src\Concerns\RoutesRequests.php(165): Laravel\Lumen\Application->handleFoundRoute(Array)
#27 C:\xampp\htdocs\sekolahAPI\vendor\laravel\lumen-framework\src\Concerns\RoutesRequests.php(416): Laravel\Lumen\Application->Laravel\Lumen\Concerns\{closure}(Object(Laravel\Lumen\Http\Request))
#28 C:\xampp\htdocs\sekolahAPI\vendor\laravel\lumen-framework\src\Concerns\RoutesRequests.php(171): Laravel\Lumen\Application->sendThroughPipeline(Array, Object(Closure))
#29 C:\xampp\htdocs\sekolahAPI\vendor\laravel\lumen-framework\src\Concerns\RoutesRequests.php(108): Laravel\Lumen\Application->dispatch(NULL)
#30 C:\xampp\htdocs\sekolahAPI\public\index.php(28): Laravel\Lumen\Application->run()
#31 {main} {"exception":"[object] (Illuminate\\Database\\QueryException(code: 42S22): SQLSTATE[42S22]: Column not found: 1054 Unknown column 'nis' in 'field list' (SQL: insert into `t_siswa` (`nis`, `nama_lengkap`, `jenis_kelamin`, `alamat`, `updated_at`, `created_at`) values (1401016, Ferrai, L, DimanaSaja, 2019-03-19 07:05:01, 2019-03-19 07:05:01)) at C:\\xampp\\htdocs\\sekolahAPI\\vendor\\illuminate\\database\\Connection.php:664, PDOException(code: 42S22): SQLSTATE[42S22]: Column not found: 1054 Unknown column 'nis' in 'field list' at C:\\xampp\\htdocs\\sekolahAPI\\vendor\\illuminate\\database\\Connection.php:452)
[stacktrace]
#0 C:\\xampp\\htdocs\\sekolahAPI\\vendor\\illuminate\\database\\Connection.php(624): Illuminate\\Database\\Connection->runQueryCallback('insert into `t_...', Array, Object(Closure))
#1 C:\\xampp\\htdocs\\sekolahAPI\\vendor\\illuminate\\database\\Connection.php(459): Illuminate\\Database\\Connection->run('insert into `t_...', Array, Object(Closure))
#2 C:\\xampp\\htdocs\\sekolahAPI\\vendor\\illuminate\\database\\Connection.php(411): Illuminate\\Database\\Connection->statement('insert into `t_...', Array)
#3 C:\\xampp\\htdocs\\sekolahAPI\\vendor\\illuminate\\database\\Query\\Processors\\Processor.php(32): Illuminate\\Database\\Connection->insert('insert into `t_...', Array)
#4 C:\\xampp\\htdocs\\sekolahAPI\\vendor\\illuminate\\database\\Query\\Builder.php(2633): Illuminate\\Database\\Query\\Processors\\Processor->processInsertGetId(Object(Illuminate\\Database\\Query\\Builder), 'insert into `t_...', Array, 'id')
#5 C:\\xampp\\htdocs\\sekolahAPI\\vendor\\illuminate\\database\\Eloquent\\Builder.php(1347): Illuminate\\Database\\Query\\Builder->insertGetId(Array, 'id')
#6 C:\\xampp\\htdocs\\sekolahAPI\\vendor\\illuminate\\database\\Eloquent\\Model.php(835): Illuminate\\Database\\Eloquent\\Builder->__call('insertGetId', Array)
#7 C:\\xampp\\htdocs\\sekolahAPI\\vendor\\illuminate\\database\\Eloquent\\Model.php(800): Illuminate\\Database\\Eloquent\\Model->insertAndSetId(Object(Illuminate\\Database\\Eloquent\\Builder), Array)
#8 C:\\xampp\\htdocs\\sekolahAPI\\vendor\\illuminate\\database\\Eloquent\\Model.php(663): Illuminate\\Database\\Eloquent\\Model->performInsert(Object(Illuminate\\Database\\Eloquent\\Builder))
#9 C:\\xampp\\htdocs\\sekolahAPI\\vendor\\illuminate\\database\\Eloquent\\Builder.php(793): Illuminate\\Database\\Eloquent\\Model->save()
#10 C:\\xampp\\htdocs\\sekolahAPI\\vendor\\illuminate\\support\\helpers.php(1122): Illuminate\\Database\\Eloquent\\Builder->Illuminate\\Database\\Eloquent\\{closure}(Object(App\\Siswa))
#11 C:\\xampp\\htdocs\\sekolahAPI\\vendor\\illuminate\\database\\Eloquent\\Builder.php(794): tap(Object(App\\Siswa), Object(Closure))
#12 C:\\xampp\\htdocs\\sekolahAPI\\vendor\\illuminate\\support\\Traits\\ForwardsCalls.php(23): Illuminate\\Database\\Eloquent\\Builder->create(Array)
#13 C:\\xampp\\htdocs\\sekolahAPI\\vendor\\illuminate\\database\\Eloquent\\Model.php(1614): Illuminate\\Database\\Eloquent\\Model->forwardCallTo(Object(Illuminate\\Database\\Eloquent\\Builder), 'create', Array)
#14 C:\\xampp\\htdocs\\sekolahAPI\\vendor\\illuminate\\database\\Eloquent\\Model.php(1626): Illuminate\\Database\\Eloquent\\Model->__call('create', Array)
#15 C:\\xampp\\htdocs\\sekolahAPI\\app\\Http\\Controllers\\SiswaController.php(28): Illuminate\\Database\\Eloquent\\Model::__callStatic('create', Array)
#16 [internal function]: App\\Http\\Controllers\\SiswaController->create(Object(Laravel\\Lumen\\Http\\Request))
#17 C:\\xampp\\htdocs\\sekolahAPI\\vendor\\illuminate\\container\\BoundMethod.php(32): call_user_func_array(Array, Array)
#18 C:\\xampp\\htdocs\\sekolahAPI\\vendor\\illuminate\\container\\BoundMethod.php(90): Illuminate\\Container\\BoundMethod::Illuminate\\Container\\{closure}()
#19 C:\\xampp\\htdocs\\sekolahAPI\\vendor\\illuminate\\container\\BoundMethod.php(34): Illuminate\\Container\\BoundMethod::callBoundMethod(Object(Laravel\\Lumen\\Application), Array, Object(Closure))
#20 C:\\xampp\\htdocs\\sekolahAPI\\vendor\\illuminate\\container\\Container.php(580): Illuminate\\Container\\BoundMethod::call(Object(Laravel\\Lumen\\Application), Array, Array, NULL)
#21 C:\\xampp\\htdocs\\sekolahAPI\\vendor\\laravel\\lumen-framework\\src\\Concerns\\RoutesRequests.php(376): Illuminate\\Container\\Container->call(Array, Array)
#22 C:\\xampp\\htdocs\\sekolahAPI\\vendor\\laravel\\lumen-framework\\src\\Concerns\\RoutesRequests.php(342): Laravel\\Lumen\\Application->callControllerCallable(Array, Array)
#23 C:\\xampp\\htdocs\\sekolahAPI\\vendor\\laravel\\lumen-framework\\src\\Concerns\\RoutesRequests.php(316): Laravel\\Lumen\\Application->callLumenController(Object(App\\Http\\Controllers\\SiswaController), 'create', Array)
#24 C:\\xampp\\htdocs\\sekolahAPI\\vendor\\laravel\\lumen-framework\\src\\Concerns\\RoutesRequests.php(278): Laravel\\Lumen\\Application->callControllerAction(Array)
#25 C:\\xampp\\htdocs\\sekolahAPI\\vendor\\laravel\\lumen-framework\\src\\Concerns\\RoutesRequests.php(263): Laravel\\Lumen\\Application->callActionOnArrayBasedRoute(Array)
#26 C:\\xampp\\htdocs\\sekolahAPI\\vendor\\laravel\\lumen-framework\\src\\Concerns\\RoutesRequests.php(165): Laravel\\Lumen\\Application->handleFoundRoute(Array)
#27 C:\\xampp\\htdocs\\sekolahAPI\\vendor\\laravel\\lumen-framework\\src\\Concerns\\RoutesRequests.php(416): Laravel\\Lumen\\Application->Laravel\\Lumen\\Concerns\\{closure}(Object(Laravel\\Lumen\\Http\\Request))
#28 C:\\xampp\\htdocs\\sekolahAPI\\vendor\\laravel\\lumen-framework\\src\\Concerns\\RoutesRequests.php(171): Laravel\\Lumen\\Application->sendThroughPipeline(Array, Object(Closure))
#29 C:\\xampp\\htdocs\\sekolahAPI\\vendor\\laravel\\lumen-framework\\src\\Concerns\\RoutesRequests.php(108): Laravel\\Lumen\\Application->dispatch(NULL)
#30 C:\\xampp\\htdocs\\sekolahAPI\\public\\index.php(28): Laravel\\Lumen\\Application->run()
#31 {main}
"} 
[2019-03-19 07:05:38] local.ERROR: PDOException: SQLSTATE[42S22]: Column not found: 1054 Unknown column 'nis' in 'field list' in C:\xampp\htdocs\sekolahAPI\vendor\illuminate\database\Connection.php:452
Stack trace:
#0 C:\xampp\htdocs\sekolahAPI\vendor\illuminate\database\Connection.php(452): PDO->prepare('insert into `t_...')
#1 C:\xampp\htdocs\sekolahAPI\vendor\illuminate\database\Connection.php(657): Illuminate\Database\Connection->Illuminate\Database\{closure}('insert into `t_...', Array)
#2 C:\xampp\htdocs\sekolahAPI\vendor\illuminate\database\Connection.php(624): Illuminate\Database\Connection->runQueryCallback('insert into `t_...', Array, Object(Closure))
#3 C:\xampp\htdocs\sekolahAPI\vendor\illuminate\database\Connection.php(459): Illuminate\Database\Connection->run('insert into `t_...', Array, Object(Closure))
#4 C:\xampp\htdocs\sekolahAPI\vendor\illuminate\database\Connection.php(411): Illuminate\Database\Connection->statement('insert into `t_...', Array)
#5 C:\xampp\htdocs\sekolahAPI\vendor\illuminate\database\Query\Processors\Processor.php(32): Illuminate\Database\Connection->insert('insert into `t_...', Array)
#6 C:\xampp\htdocs\sekolahAPI\vendor\illuminate\database\Query\Builder.php(2633): Illuminate\Database\Query\Processors\Processor->processInsertGetId(Object(Illuminate\Database\Query\Builder), 'insert into `t_...', Array, 'id')
#7 C:\xampp\htdocs\sekolahAPI\vendor\illuminate\database\Eloquent\Builder.php(1347): Illuminate\Database\Query\Builder->insertGetId(Array, 'id')
#8 C:\xampp\htdocs\sekolahAPI\vendor\illuminate\database\Eloquent\Model.php(835): Illuminate\Database\Eloquent\Builder->__call('insertGetId', Array)
#9 C:\xampp\htdocs\sekolahAPI\vendor\illuminate\database\Eloquent\Model.php(800): Illuminate\Database\Eloquent\Model->insertAndSetId(Object(Illuminate\Database\Eloquent\Builder), Array)
#10 C:\xampp\htdocs\sekolahAPI\vendor\illuminate\database\Eloquent\Model.php(663): Illuminate\Database\Eloquent\Model->performInsert(Object(Illuminate\Database\Eloquent\Builder))
#11 C:\xampp\htdocs\sekolahAPI\vendor\illuminate\database\Eloquent\Builder.php(793): Illuminate\Database\Eloquent\Model->save()
#12 C:\xampp\htdocs\sekolahAPI\vendor\illuminate\support\helpers.php(1122): Illuminate\Database\Eloquent\Builder->Illuminate\Database\Eloquent\{closure}(Object(App\Siswa))
#13 C:\xampp\htdocs\sekolahAPI\vendor\illuminate\database\Eloquent\Builder.php(794): tap(Object(App\Siswa), Object(Closure))
#14 C:\xampp\htdocs\sekolahAPI\vendor\illuminate\support\Traits\ForwardsCalls.php(23): Illuminate\Database\Eloquent\Builder->create(Array)
#15 C:\xampp\htdocs\sekolahAPI\vendor\illuminate\database\Eloquent\Model.php(1614): Illuminate\Database\Eloquent\Model->forwardCallTo(Object(Illuminate\Database\Eloquent\Builder), 'create', Array)
#16 C:\xampp\htdocs\sekolahAPI\vendor\illuminate\database\Eloquent\Model.php(1626): Illuminate\Database\Eloquent\Model->__call('create', Array)
#17 C:\xampp\htdocs\sekolahAPI\app\Http\Controllers\SiswaController.php(28): Illuminate\Database\Eloquent\Model::__callStatic('create', Array)
#18 [internal function]: App\Http\Controllers\SiswaController->create(Object(Laravel\Lumen\Http\Request))
#19 C:\xampp\htdocs\sekolahAPI\vendor\illuminate\container\BoundMethod.php(32): call_user_func_array(Array, Array)
#20 C:\xampp\htdocs\sekolahAPI\vendor\illuminate\container\BoundMethod.php(90): Illuminate\Container\BoundMethod::Illuminate\Container\{closure}()
#21 C:\xampp\htdocs\sekolahAPI\vendor\illuminate\container\BoundMethod.php(34): Illuminate\Container\BoundMethod::callBoundMethod(Object(Laravel\Lumen\Application), Array, Object(Closure))
#22 C:\xampp\htdocs\sekolahAPI\vendor\illuminate\container\Container.php(580): Illuminate\Container\BoundMethod::call(Object(Laravel\Lumen\Application), Array, Array, NULL)
#23 C:\xampp\htdocs\sekolahAPI\vendor\laravel\lumen-framework\src\Concerns\RoutesRequests.php(376): Illuminate\Container\Container->call(Array, Array)
#24 C:\xampp\htdocs\sekolahAPI\vendor\laravel\lumen-framework\src\Concerns\RoutesRequests.php(342): Laravel\Lumen\Application->callControllerCallable(Array, Array)
#25 C:\xampp\htdocs\sekolahAPI\vendor\laravel\lumen-framework\src\Concerns\RoutesRequests.php(316): Laravel\Lumen\Application->callLumenController(Object(App\Http\Controllers\SiswaController), 'create', Array)
#26 C:\xampp\htdocs\sekolahAPI\vendor\laravel\lumen-framework\src\Concerns\RoutesRequests.php(278): Laravel\Lumen\Application->callControllerAction(Array)
#27 C:\xampp\htdocs\sekolahAPI\vendor\laravel\lumen-framework\src\Concerns\RoutesRequests.php(263): Laravel\Lumen\Application->callActionOnArrayBasedRoute(Array)
#28 C:\xampp\htdocs\sekolahAPI\vendor\laravel\lumen-framework\src\Concerns\RoutesRequests.php(165): Laravel\Lumen\Application->handleFoundRoute(Array)
#29 C:\xampp\htdocs\sekolahAPI\vendor\laravel\lumen-framework\src\Concerns\RoutesRequests.php(416): Laravel\Lumen\Application->Laravel\Lumen\Concerns\{closure}(Object(Laravel\Lumen\Http\Request))
#30 C:\xampp\htdocs\sekolahAPI\vendor\laravel\lumen-framework\src\Concerns\RoutesRequests.php(171): Laravel\Lumen\Application->sendThroughPipeline(Array, Object(Closure))
#31 C:\xampp\htdocs\sekolahAPI\vendor\laravel\lumen-framework\src\Concerns\RoutesRequests.php(108): Laravel\Lumen\Application->dispatch(NULL)
#32 C:\xampp\htdocs\sekolahAPI\public\index.php(28): Laravel\Lumen\Application->run()
#33 {main}

Next Illuminate\Database\QueryException: SQLSTATE[42S22]: Column not found: 1054 Unknown column 'nis' in 'field list' (SQL: insert into `t_siswa` (`nis`, `nama_lengkap`, `jenis_kelamin`, `alamat`, `updated_at`, `created_at`) values (1401016, Ferrai, L, DimanaSaja, 2019-03-19 07:05:38, 2019-03-19 07:05:38)) in C:\xampp\htdocs\sekolahAPI\vendor\illuminate\database\Connection.php:664
Stack trace:
#0 C:\xampp\htdocs\sekolahAPI\vendor\illuminate\database\Connection.php(624): Illuminate\Database\Connection->runQueryCallback('insert into `t_...', Array, Object(Closure))
#1 C:\xampp\htdocs\sekolahAPI\vendor\illuminate\database\Connection.php(459): Illuminate\Database\Connection->run('insert into `t_...', Array, Object(Closure))
#2 C:\xampp\htdocs\sekolahAPI\vendor\illuminate\database\Connection.php(411): Illuminate\Database\Connection->statement('insert into `t_...', Array)
#3 C:\xampp\htdocs\sekolahAPI\vendor\illuminate\database\Query\Processors\Processor.php(32): Illuminate\Database\Connection->insert('insert into `t_...', Array)
#4 C:\xampp\htdocs\sekolahAPI\vendor\illuminate\database\Query\Builder.php(2633): Illuminate\Database\Query\Processors\Processor->processInsertGetId(Object(Illuminate\Database\Query\Builder), 'insert into `t_...', Array, 'id')
#5 C:\xampp\htdocs\sekolahAPI\vendor\illuminate\database\Eloquent\Builder.php(1347): Illuminate\Database\Query\Builder->insertGetId(Array, 'id')
#6 C:\xampp\htdocs\sekolahAPI\vendor\illuminate\database\Eloquent\Model.php(835): Illuminate\Database\Eloquent\Builder->__call('insertGetId', Array)
#7 C:\xampp\htdocs\sekolahAPI\vendor\illuminate\database\Eloquent\Model.php(800): Illuminate\Database\Eloquent\Model->insertAndSetId(Object(Illuminate\Database\Eloquent\Builder), Array)
#8 C:\xampp\htdocs\sekolahAPI\vendor\illuminate\database\Eloquent\Model.php(663): Illuminate\Database\Eloquent\Model->performInsert(Object(Illuminate\Database\Eloquent\Builder))
#9 C:\xampp\htdocs\sekolahAPI\vendor\illuminate\database\Eloquent\Builder.php(793): Illuminate\Database\Eloquent\Model->save()
#10 C:\xampp\htdocs\sekolahAPI\vendor\illuminate\support\helpers.php(1122): Illuminate\Database\Eloquent\Builder->Illuminate\Database\Eloquent\{closure}(Object(App\Siswa))
#11 C:\xampp\htdocs\sekolahAPI\vendor\illuminate\database\Eloquent\Builder.php(794): tap(Object(App\Siswa), Object(Closure))
#12 C:\xampp\htdocs\sekolahAPI\vendor\illuminate\support\Traits\ForwardsCalls.php(23): Illuminate\Database\Eloquent\Builder->create(Array)
#13 C:\xampp\htdocs\sekolahAPI\vendor\illuminate\database\Eloquent\Model.php(1614): Illuminate\Database\Eloquent\Model->forwardCallTo(Object(Illuminate\Database\Eloquent\Builder), 'create', Array)
#14 C:\xampp\htdocs\sekolahAPI\vendor\illuminate\database\Eloquent\Model.php(1626): Illuminate\Database\Eloquent\Model->__call('create', Array)
#15 C:\xampp\htdocs\sekolahAPI\app\Http\Controllers\SiswaController.php(28): Illuminate\Database\Eloquent\Model::__callStatic('create', Array)
#16 [internal function]: App\Http\Controllers\SiswaController->create(Object(Laravel\Lumen\Http\Request))
#17 C:\xampp\htdocs\sekolahAPI\vendor\illuminate\container\BoundMethod.php(32): call_user_func_array(Array, Array)
#18 C:\xampp\htdocs\sekolahAPI\vendor\illuminate\container\BoundMethod.php(90): Illuminate\Container\BoundMethod::Illuminate\Container\{closure}()
#19 C:\xampp\htdocs\sekolahAPI\vendor\illuminate\container\BoundMethod.php(34): Illuminate\Container\BoundMethod::callBoundMethod(Object(Laravel\Lumen\Application), Array, Object(Closure))
#20 C:\xampp\htdocs\sekolahAPI\vendor\illuminate\container\Container.php(580): Illuminate\Container\BoundMethod::call(Object(Laravel\Lumen\Application), Array, Array, NULL)
#21 C:\xampp\htdocs\sekolahAPI\vendor\laravel\lumen-framework\src\Concerns\RoutesRequests.php(376): Illuminate\Container\Container->call(Array, Array)
#22 C:\xampp\htdocs\sekolahAPI\vendor\laravel\lumen-framework\src\Concerns\RoutesRequests.php(342): Laravel\Lumen\Application->callControllerCallable(Array, Array)
#23 C:\xampp\htdocs\sekolahAPI\vendor\laravel\lumen-framework\src\Concerns\RoutesRequests.php(316): Laravel\Lumen\Application->callLumenController(Object(App\Http\Controllers\SiswaController), 'create', Array)
#24 C:\xampp\htdocs\sekolahAPI\vendor\laravel\lumen-framework\src\Concerns\RoutesRequests.php(278): Laravel\Lumen\Application->callControllerAction(Array)
#25 C:\xampp\htdocs\sekolahAPI\vendor\laravel\lumen-framework\src\Concerns\RoutesRequests.php(263): Laravel\Lumen\Application->callActionOnArrayBasedRoute(Array)
#26 C:\xampp\htdocs\sekolahAPI\vendor\laravel\lumen-framework\src\Concerns\RoutesRequests.php(165): Laravel\Lumen\Application->handleFoundRoute(Array)
#27 C:\xampp\htdocs\sekolahAPI\vendor\laravel\lumen-framework\src\Concerns\RoutesRequests.php(416): Laravel\Lumen\Application->Laravel\Lumen\Concerns\{closure}(Object(Laravel\Lumen\Http\Request))
#28 C:\xampp\htdocs\sekolahAPI\vendor\laravel\lumen-framework\src\Concerns\RoutesRequests.php(171): Laravel\Lumen\Application->sendThroughPipeline(Array, Object(Closure))
#29 C:\xampp\htdocs\sekolahAPI\vendor\laravel\lumen-framework\src\Concerns\RoutesRequests.php(108): Laravel\Lumen\Application->dispatch(NULL)
#30 C:\xampp\htdocs\sekolahAPI\public\index.php(28): Laravel\Lumen\Application->run()
#31 {main} {"exception":"[object] (Illuminate\\Database\\QueryException(code: 42S22): SQLSTATE[42S22]: Column not found: 1054 Unknown column 'nis' in 'field list' (SQL: insert into `t_siswa` (`nis`, `nama_lengkap`, `jenis_kelamin`, `alamat`, `updated_at`, `created_at`) values (1401016, Ferrai, L, DimanaSaja, 2019-03-19 07:05:38, 2019-03-19 07:05:38)) at C:\\xampp\\htdocs\\sekolahAPI\\vendor\\illuminate\\database\\Connection.php:664, PDOException(code: 42S22): SQLSTATE[42S22]: Column not found: 1054 Unknown column 'nis' in 'field list' at C:\\xampp\\htdocs\\sekolahAPI\\vendor\\illuminate\\database\\Connection.php:452)
[stacktrace]
#0 C:\\xampp\\htdocs\\sekolahAPI\\vendor\\illuminate\\database\\Connection.php(624): Illuminate\\Database\\Connection->runQueryCallback('insert into `t_...', Array, Object(Closure))
#1 C:\\xampp\\htdocs\\sekolahAPI\\vendor\\illuminate\\database\\Connection.php(459): Illuminate\\Database\\Connection->run('insert into `t_...', Array, Object(Closure))
#2 C:\\xampp\\htdocs\\sekolahAPI\\vendor\\illuminate\\database\\Connection.php(411): Illuminate\\Database\\Connection->statement('insert into `t_...', Array)
#3 C:\\xampp\\htdocs\\sekolahAPI\\vendor\\illuminate\\database\\Query\\Processors\\Processor.php(32): Illuminate\\Database\\Connection->insert('insert into `t_...', Array)
#4 C:\\xampp\\htdocs\\sekolahAPI\\vendor\\illuminate\\database\\Query\\Builder.php(2633): Illuminate\\Database\\Query\\Processors\\Processor->processInsertGetId(Object(Illuminate\\Database\\Query\\Builder), 'insert into `t_...', Array, 'id')
#5 C:\\xampp\\htdocs\\sekolahAPI\\vendor\\illuminate\\database\\Eloquent\\Builder.php(1347): Illuminate\\Database\\Query\\Builder->insertGetId(Array, 'id')
#6 C:\\xampp\\htdocs\\sekolahAPI\\vendor\\illuminate\\database\\Eloquent\\Model.php(835): Illuminate\\Database\\Eloquent\\Builder->__call('insertGetId', Array)
#7 C:\\xampp\\htdocs\\sekolahAPI\\vendor\\illuminate\\database\\Eloquent\\Model.php(800): Illuminate\\Database\\Eloquent\\Model->insertAndSetId(Object(Illuminate\\Database\\Eloquent\\Builder), Array)
#8 C:\\xampp\\htdocs\\sekolahAPI\\vendor\\illuminate\\database\\Eloquent\\Model.php(663): Illuminate\\Database\\Eloquent\\Model->performInsert(Object(Illuminate\\Database\\Eloquent\\Builder))
#9 C:\\xampp\\htdocs\\sekolahAPI\\vendor\\illuminate\\database\\Eloquent\\Builder.php(793): Illuminate\\Database\\Eloquent\\Model->save()
#10 C:\\xampp\\htdocs\\sekolahAPI\\vendor\\illuminate\\support\\helpers.php(1122): Illuminate\\Database\\Eloquent\\Builder->Illuminate\\Database\\Eloquent\\{closure}(Object(App\\Siswa))
#11 C:\\xampp\\htdocs\\sekolahAPI\\vendor\\illuminate\\database\\Eloquent\\Builder.php(794): tap(Object(App\\Siswa), Object(Closure))
#12 C:\\xampp\\htdocs\\sekolahAPI\\vendor\\illuminate\\support\\Traits\\ForwardsCalls.php(23): Illuminate\\Database\\Eloquent\\Builder->create(Array)
#13 C:\\xampp\\htdocs\\sekolahAPI\\vendor\\illuminate\\database\\Eloquent\\Model.php(1614): Illuminate\\Database\\Eloquent\\Model->forwardCallTo(Object(Illuminate\\Database\\Eloquent\\Builder), 'create', Array)
#14 C:\\xampp\\htdocs\\sekolahAPI\\vendor\\illuminate\\database\\Eloquent\\Model.php(1626): Illuminate\\Database\\Eloquent\\Model->__call('create', Array)
#15 C:\\xampp\\htdocs\\sekolahAPI\\app\\Http\\Controllers\\SiswaController.php(28): Illuminate\\Database\\Eloquent\\Model::__callStatic('create', Array)
#16 [internal function]: App\\Http\\Controllers\\SiswaController->create(Object(Laravel\\Lumen\\Http\\Request))
#17 C:\\xampp\\htdocs\\sekolahAPI\\vendor\\illuminate\\container\\BoundMethod.php(32): call_user_func_array(Array, Array)
#18 C:\\xampp\\htdocs\\sekolahAPI\\vendor\\illuminate\\container\\BoundMethod.php(90): Illuminate\\Container\\BoundMethod::Illuminate\\Container\\{closure}()
#19 C:\\xampp\\htdocs\\sekolahAPI\\vendor\\illuminate\\container\\BoundMethod.php(34): Illuminate\\Container\\BoundMethod::callBoundMethod(Object(Laravel\\Lumen\\Application), Array, Object(Closure))
#20 C:\\xampp\\htdocs\\sekolahAPI\\vendor\\illuminate\\container\\Container.php(580): Illuminate\\Container\\BoundMethod::call(Object(Laravel\\Lumen\\Application), Array, Array, NULL)
#21 C:\\xampp\\htdocs\\sekolahAPI\\vendor\\laravel\\lumen-framework\\src\\Concerns\\RoutesRequests.php(376): Illuminate\\Container\\Container->call(Array, Array)
#22 C:\\xampp\\htdocs\\sekolahAPI\\vendor\\laravel\\lumen-framework\\src\\Concerns\\RoutesRequests.php(342): Laravel\\Lumen\\Application->callControllerCallable(Array, Array)
#23 C:\\xampp\\htdocs\\sekolahAPI\\vendor\\laravel\\lumen-framework\\src\\Concerns\\RoutesRequests.php(316): Laravel\\Lumen\\Application->callLumenController(Object(App\\Http\\Controllers\\SiswaController), 'create', Array)
#24 C:\\xampp\\htdocs\\sekolahAPI\\vendor\\laravel\\lumen-framework\\src\\Concerns\\RoutesRequests.php(278): Laravel\\Lumen\\Application->callControllerAction(Array)
#25 C:\\xampp\\htdocs\\sekolahAPI\\vendor\\laravel\\lumen-framework\\src\\Concerns\\RoutesRequests.php(263): Laravel\\Lumen\\Application->callActionOnArrayBasedRoute(Array)
#26 C:\\xampp\\htdocs\\sekolahAPI\\vendor\\laravel\\lumen-framework\\src\\Concerns\\RoutesRequests.php(165): Laravel\\Lumen\\Application->handleFoundRoute(Array)
#27 C:\\xampp\\htdocs\\sekolahAPI\\vendor\\laravel\\lumen-framework\\src\\Concerns\\RoutesRequests.php(416): Laravel\\Lumen\\Application->Laravel\\Lumen\\Concerns\\{closure}(Object(Laravel\\Lumen\\Http\\Request))
#28 C:\\xampp\\htdocs\\sekolahAPI\\vendor\\laravel\\lumen-framework\\src\\Concerns\\RoutesRequests.php(171): Laravel\\Lumen\\Application->sendThroughPipeline(Array, Object(Closure))
#29 C:\\xampp\\htdocs\\sekolahAPI\\vendor\\laravel\\lumen-framework\\src\\Concerns\\RoutesRequests.php(108): Laravel\\Lumen\\Application->dispatch(NULL)
#30 C:\\xampp\\htdocs\\sekolahAPI\\public\\index.php(28): Laravel\\Lumen\\Application->run()
#31 {main}
"} 
[2019-03-19 07:06:49] local.ERROR: PDOException: SQLSTATE[42S22]: Column not found: 1054 Unknown column 'nis' in 'field list' in C:\xampp\htdocs\sekolahAPI\vendor\illuminate\database\Connection.php:452
Stack trace:
#0 C:\xampp\htdocs\sekolahAPI\vendor\illuminate\database\Connection.php(452): PDO->prepare('insert into `t_...')
#1 C:\xampp\htdocs\sekolahAPI\vendor\illuminate\database\Connection.php(657): Illuminate\Database\Connection->Illuminate\Database\{closure}('insert into `t_...', Array)
#2 C:\xampp\htdocs\sekolahAPI\vendor\illuminate\database\Connection.php(624): Illuminate\Database\Connection->runQueryCallback('insert into `t_...', Array, Object(Closure))
#3 C:\xampp\htdocs\sekolahAPI\vendor\illuminate\database\Connection.php(459): Illuminate\Database\Connection->run('insert into `t_...', Array, Object(Closure))
#4 C:\xampp\htdocs\sekolahAPI\vendor\illuminate\database\Connection.php(411): Illuminate\Database\Connection->statement('insert into `t_...', Array)
#5 C:\xampp\htdocs\sekolahAPI\vendor\illuminate\database\Query\Processors\Processor.php(32): Illuminate\Database\Connection->insert('insert into `t_...', Array)
#6 C:\xampp\htdocs\sekolahAPI\vendor\illuminate\database\Query\Builder.php(2633): Illuminate\Database\Query\Processors\Processor->processInsertGetId(Object(Illuminate\Database\Query\Builder), 'insert into `t_...', Array, 'id')
#7 C:\xampp\htdocs\sekolahAPI\vendor\illuminate\database\Eloquent\Builder.php(1347): Illuminate\Database\Query\Builder->insertGetId(Array, 'id')
#8 C:\xampp\htdocs\sekolahAPI\vendor\illuminate\database\Eloquent\Model.php(835): Illuminate\Database\Eloquent\Builder->__call('insertGetId', Array)
#9 C:\xampp\htdocs\sekolahAPI\vendor\illuminate\database\Eloquent\Model.php(800): Illuminate\Database\Eloquent\Model->insertAndSetId(Object(Illuminate\Database\Eloquent\Builder), Array)
#10 C:\xampp\htdocs\sekolahAPI\vendor\illuminate\database\Eloquent\Model.php(663): Illuminate\Database\Eloquent\Model->performInsert(Object(Illuminate\Database\Eloquent\Builder))
#11 C:\xampp\htdocs\sekolahAPI\vendor\illuminate\database\Eloquent\Builder.php(793): Illuminate\Database\Eloquent\Model->save()
#12 C:\xampp\htdocs\sekolahAPI\vendor\illuminate\support\helpers.php(1122): Illuminate\Database\Eloquent\Builder->Illuminate\Database\Eloquent\{closure}(Object(App\Siswa))
#13 C:\xampp\htdocs\sekolahAPI\vendor\illuminate\database\Eloquent\Builder.php(794): tap(Object(App\Siswa), Object(Closure))
#14 C:\xampp\htdocs\sekolahAPI\vendor\illuminate\support\Traits\ForwardsCalls.php(23): Illuminate\Database\Eloquent\Builder->create(Array)
#15 C:\xampp\htdocs\sekolahAPI\vendor\illuminate\database\Eloquent\Model.php(1614): Illuminate\Database\Eloquent\Model->forwardCallTo(Object(Illuminate\Database\Eloquent\Builder), 'create', Array)
#16 C:\xampp\htdocs\sekolahAPI\vendor\illuminate\database\Eloquent\Model.php(1626): Illuminate\Database\Eloquent\Model->__call('create', Array)
#17 C:\xampp\htdocs\sekolahAPI\app\Http\Controllers\SiswaController.php(28): Illuminate\Database\Eloquent\Model::__callStatic('create', Array)
#18 [internal function]: App\Http\Controllers\SiswaController->create(Object(Laravel\Lumen\Http\Request))
#19 C:\xampp\htdocs\sekolahAPI\vendor\illuminate\container\BoundMethod.php(32): call_user_func_array(Array, Array)
#20 C:\xampp\htdocs\sekolahAPI\vendor\illuminate\container\BoundMethod.php(90): Illuminate\Container\BoundMethod::Illuminate\Container\{closure}()
#21 C:\xampp\htdocs\sekolahAPI\vendor\illuminate\container\BoundMethod.php(34): Illuminate\Container\BoundMethod::callBoundMethod(Object(Laravel\Lumen\Application), Array, Object(Closure))
#22 C:\xampp\htdocs\sekolahAPI\vendor\illuminate\container\Container.php(580): Illuminate\Container\BoundMethod::call(Object(Laravel\Lumen\Application), Array, Array, NULL)
#23 C:\xampp\htdocs\sekolahAPI\vendor\laravel\lumen-framework\src\Concerns\RoutesRequests.php(376): Illuminate\Container\Container->call(Array, Array)
#24 C:\xampp\htdocs\sekolahAPI\vendor\laravel\lumen-framework\src\Concerns\RoutesRequests.php(342): Laravel\Lumen\Application->callControllerCallable(Array, Array)
#25 C:\xampp\htdocs\sekolahAPI\vendor\laravel\lumen-framework\src\Concerns\RoutesRequests.php(316): Laravel\Lumen\Application->callLumenController(Object(App\Http\Controllers\SiswaController), 'create', Array)
#26 C:\xampp\htdocs\sekolahAPI\vendor\laravel\lumen-framework\src\Concerns\RoutesRequests.php(278): Laravel\Lumen\Application->callControllerAction(Array)
#27 C:\xampp\htdocs\sekolahAPI\vendor\laravel\lumen-framework\src\Concerns\RoutesRequests.php(263): Laravel\Lumen\Application->callActionOnArrayBasedRoute(Array)
#28 C:\xampp\htdocs\sekolahAPI\vendor\laravel\lumen-framework\src\Concerns\RoutesRequests.php(165): Laravel\Lumen\Application->handleFoundRoute(Array)
#29 C:\xampp\htdocs\sekolahAPI\vendor\laravel\lumen-framework\src\Concerns\RoutesRequests.php(416): Laravel\Lumen\Application->Laravel\Lumen\Concerns\{closure}(Object(Laravel\Lumen\Http\Request))
#30 C:\xampp\htdocs\sekolahAPI\vendor\laravel\lumen-framework\src\Concerns\RoutesRequests.php(171): Laravel\Lumen\Application->sendThroughPipeline(Array, Object(Closure))
#31 C:\xampp\htdocs\sekolahAPI\vendor\laravel\lumen-framework\src\Concerns\RoutesRequests.php(108): Laravel\Lumen\Application->dispatch(NULL)
#32 C:\xampp\htdocs\sekolahAPI\public\index.php(28): Laravel\Lumen\Application->run()
#33 {main}

Next Illuminate\Database\QueryException: SQLSTATE[42S22]: Column not found: 1054 Unknown column 'nis' in 'field list' (SQL: insert into `t_siswa` (`nis`, `nama_lengkap`, `jenis_kelamin`, `alamat`, `updated_at`, `created_at`) values (1401016, Ferrai, L, DimanaSaja, 2019-03-19 07:06:49, 2019-03-19 07:06:49)) in C:\xampp\htdocs\sekolahAPI\vendor\illuminate\database\Connection.php:664
Stack trace:
#0 C:\xampp\htdocs\sekolahAPI\vendor\illuminate\database\Connection.php(624): Illuminate\Database\Connection->runQueryCallback('insert into `t_...', Array, Object(Closure))
#1 C:\xampp\htdocs\sekolahAPI\vendor\illuminate\database\Connection.php(459): Illuminate\Database\Connection->run('insert into `t_...', Array, Object(Closure))
#2 C:\xampp\htdocs\sekolahAPI\vendor\illuminate\database\Connection.php(411): Illuminate\Database\Connection->statement('insert into `t_...', Array)
#3 C:\xampp\htdocs\sekolahAPI\vendor\illuminate\database\Query\Processors\Processor.php(32): Illuminate\Database\Connection->insert('insert into `t_...', Array)
#4 C:\xampp\htdocs\sekolahAPI\vendor\illuminate\database\Query\Builder.php(2633): Illuminate\Database\Query\Processors\Processor->processInsertGetId(Object(Illuminate\Database\Query\Builder), 'insert into `t_...', Array, 'id')
#5 C:\xampp\htdocs\sekolahAPI\vendor\illuminate\database\Eloquent\Builder.php(1347): Illuminate\Database\Query\Builder->insertGetId(Array, 'id')
#6 C:\xampp\htdocs\sekolahAPI\vendor\illuminate\database\Eloquent\Model.php(835): Illuminate\Database\Eloquent\Builder->__call('insertGetId', Array)
#7 C:\xampp\htdocs\sekolahAPI\vendor\illuminate\database\Eloquent\Model.php(800): Illuminate\Database\Eloquent\Model->insertAndSetId(Object(Illuminate\Database\Eloquent\Builder), Array)
#8 C:\xampp\htdocs\sekolahAPI\vendor\illuminate\database\Eloquent\Model.php(663): Illuminate\Database\Eloquent\Model->performInsert(Object(Illuminate\Database\Eloquent\Builder))
#9 C:\xampp\htdocs\sekolahAPI\vendor\illuminate\database\Eloquent\Builder.php(793): Illuminate\Database\Eloquent\Model->save()
#10 C:\xampp\htdocs\sekolahAPI\vendor\illuminate\support\helpers.php(1122): Illuminate\Database\Eloquent\Builder->Illuminate\Database\Eloquent\{closure}(Object(App\Siswa))
#11 C:\xampp\htdocs\sekolahAPI\vendor\illuminate\database\Eloquent\Builder.php(794): tap(Object(App\Siswa), Object(Closure))
#12 C:\xampp\htdocs\sekolahAPI\vendor\illuminate\support\Traits\ForwardsCalls.php(23): Illuminate\Database\Eloquent\Builder->create(Array)
#13 C:\xampp\htdocs\sekolahAPI\vendor\illuminate\database\Eloquent\Model.php(1614): Illuminate\Database\Eloquent\Model->forwardCallTo(Object(Illuminate\Database\Eloquent\Builder), 'create', Array)
#14 C:\xampp\htdocs\sekolahAPI\vendor\illuminate\database\Eloquent\Model.php(1626): Illuminate\Database\Eloquent\Model->__call('create', Array)
#15 C:\xampp\htdocs\sekolahAPI\app\Http\Controllers\SiswaController.php(28): Illuminate\Database\Eloquent\Model::__callStatic('create', Array)
#16 [internal function]: App\Http\Controllers\SiswaController->create(Object(Laravel\Lumen\Http\Request))
#17 C:\xampp\htdocs\sekolahAPI\vendor\illuminate\container\BoundMethod.php(32): call_user_func_array(Array, Array)
#18 C:\xampp\htdocs\sekolahAPI\vendor\illuminate\container\BoundMethod.php(90): Illuminate\Container\BoundMethod::Illuminate\Container\{closure}()
#19 C:\xampp\htdocs\sekolahAPI\vendor\illuminate\container\BoundMethod.php(34): Illuminate\Container\BoundMethod::callBoundMethod(Object(Laravel\Lumen\Application), Array, Object(Closure))
#20 C:\xampp\htdocs\sekolahAPI\vendor\illuminate\container\Container.php(580): Illuminate\Container\BoundMethod::call(Object(Laravel\Lumen\Application), Array, Array, NULL)
#21 C:\xampp\htdocs\sekolahAPI\vendor\laravel\lumen-framework\src\Concerns\RoutesRequests.php(376): Illuminate\Container\Container->call(Array, Array)
#22 C:\xampp\htdocs\sekolahAPI\vendor\laravel\lumen-framework\src\Concerns\RoutesRequests.php(342): Laravel\Lumen\Application->callControllerCallable(Array, Array)
#23 C:\xampp\htdocs\sekolahAPI\vendor\laravel\lumen-framework\src\Concerns\RoutesRequests.php(316): Laravel\Lumen\Application->callLumenController(Object(App\Http\Controllers\SiswaController), 'create', Array)
#24 C:\xampp\htdocs\sekolahAPI\vendor\laravel\lumen-framework\src\Concerns\RoutesRequests.php(278): Laravel\Lumen\Application->callControllerAction(Array)
#25 C:\xampp\htdocs\sekolahAPI\vendor\laravel\lumen-framework\src\Concerns\RoutesRequests.php(263): Laravel\Lumen\Application->callActionOnArrayBasedRoute(Array)
#26 C:\xampp\htdocs\sekolahAPI\vendor\laravel\lumen-framework\src\Concerns\RoutesRequests.php(165): Laravel\Lumen\Application->handleFoundRoute(Array)
#27 C:\xampp\htdocs\sekolahAPI\vendor\laravel\lumen-framework\src\Concerns\RoutesRequests.php(416): Laravel\Lumen\Application->Laravel\Lumen\Concerns\{closure}(Object(Laravel\Lumen\Http\Request))
#28 C:\xampp\htdocs\sekolahAPI\vendor\laravel\lumen-framework\src\Concerns\RoutesRequests.php(171): Laravel\Lumen\Application->sendThroughPipeline(Array, Object(Closure))
#29 C:\xampp\htdocs\sekolahAPI\vendor\laravel\lumen-framework\src\Concerns\RoutesRequests.php(108): Laravel\Lumen\Application->dispatch(NULL)
#30 C:\xampp\htdocs\sekolahAPI\public\index.php(28): Laravel\Lumen\Application->run()
#31 {main} {"exception":"[object] (Illuminate\\Database\\QueryException(code: 42S22): SQLSTATE[42S22]: Column not found: 1054 Unknown column 'nis' in 'field list' (SQL: insert into `t_siswa` (`nis`, `nama_lengkap`, `jenis_kelamin`, `alamat`, `updated_at`, `created_at`) values (1401016, Ferrai, L, DimanaSaja, 2019-03-19 07:06:49, 2019-03-19 07:06:49)) at C:\\xampp\\htdocs\\sekolahAPI\\vendor\\illuminate\\database\\Connection.php:664, PDOException(code: 42S22): SQLSTATE[42S22]: Column not found: 1054 Unknown column 'nis' in 'field list' at C:\\xampp\\htdocs\\sekolahAPI\\vendor\\illuminate\\database\\Connection.php:452)
[stacktrace]
#0 C:\\xampp\\htdocs\\sekolahAPI\\vendor\\illuminate\\database\\Connection.php(624): Illuminate\\Database\\Connection->runQueryCallback('insert into `t_...', Array, Object(Closure))
#1 C:\\xampp\\htdocs\\sekolahAPI\\vendor\\illuminate\\database\\Connection.php(459): Illuminate\\Database\\Connection->run('insert into `t_...', Array, Object(Closure))
#2 C:\\xampp\\htdocs\\sekolahAPI\\vendor\\illuminate\\database\\Connection.php(411): Illuminate\\Database\\Connection->statement('insert into `t_...', Array)
#3 C:\\xampp\\htdocs\\sekolahAPI\\vendor\\illuminate\\database\\Query\\Processors\\Processor.php(32): Illuminate\\Database\\Connection->insert('insert into `t_...', Array)
#4 C:\\xampp\\htdocs\\sekolahAPI\\vendor\\illuminate\\database\\Query\\Builder.php(2633): Illuminate\\Database\\Query\\Processors\\Processor->processInsertGetId(Object(Illuminate\\Database\\Query\\Builder), 'insert into `t_...', Array, 'id')
#5 C:\\xampp\\htdocs\\sekolahAPI\\vendor\\illuminate\\database\\Eloquent\\Builder.php(1347): Illuminate\\Database\\Query\\Builder->insertGetId(Array, 'id')
#6 C:\\xampp\\htdocs\\sekolahAPI\\vendor\\illuminate\\database\\Eloquent\\Model.php(835): Illuminate\\Database\\Eloquent\\Builder->__call('insertGetId', Array)
#7 C:\\xampp\\htdocs\\sekolahAPI\\vendor\\illuminate\\database\\Eloquent\\Model.php(800): Illuminate\\Database\\Eloquent\\Model->insertAndSetId(Object(Illuminate\\Database\\Eloquent\\Builder), Array)
#8 C:\\xampp\\htdocs\\sekolahAPI\\vendor\\illuminate\\database\\Eloquent\\Model.php(663): Illuminate\\Database\\Eloquent\\Model->performInsert(Object(Illuminate\\Database\\Eloquent\\Builder))
#9 C:\\xampp\\htdocs\\sekolahAPI\\vendor\\illuminate\\database\\Eloquent\\Builder.php(793): Illuminate\\Database\\Eloquent\\Model->save()
#10 C:\\xampp\\htdocs\\sekolahAPI\\vendor\\illuminate\\support\\helpers.php(1122): Illuminate\\Database\\Eloquent\\Builder->Illuminate\\Database\\Eloquent\\{closure}(Object(App\\Siswa))
#11 C:\\xampp\\htdocs\\sekolahAPI\\vendor\\illuminate\\database\\Eloquent\\Builder.php(794): tap(Object(App\\Siswa), Object(Closure))
#12 C:\\xampp\\htdocs\\sekolahAPI\\vendor\\illuminate\\support\\Traits\\ForwardsCalls.php(23): Illuminate\\Database\\Eloquent\\Builder->create(Array)
#13 C:\\xampp\\htdocs\\sekolahAPI\\vendor\\illuminate\\database\\Eloquent\\Model.php(1614): Illuminate\\Database\\Eloquent\\Model->forwardCallTo(Object(Illuminate\\Database\\Eloquent\\Builder), 'create', Array)
#14 C:\\xampp\\htdocs\\sekolahAPI\\vendor\\illuminate\\database\\Eloquent\\Model.php(1626): Illuminate\\Database\\Eloquent\\Model->__call('create', Array)
#15 C:\\xampp\\htdocs\\sekolahAPI\\app\\Http\\Controllers\\SiswaController.php(28): Illuminate\\Database\\Eloquent\\Model::__callStatic('create', Array)
#16 [internal function]: App\\Http\\Controllers\\SiswaController->create(Object(Laravel\\Lumen\\Http\\Request))
#17 C:\\xampp\\htdocs\\sekolahAPI\\vendor\\illuminate\\container\\BoundMethod.php(32): call_user_func_array(Array, Array)
#18 C:\\xampp\\htdocs\\sekolahAPI\\vendor\\illuminate\\container\\BoundMethod.php(90): Illuminate\\Container\\BoundMethod::Illuminate\\Container\\{closure}()
#19 C:\\xampp\\htdocs\\sekolahAPI\\vendor\\illuminate\\container\\BoundMethod.php(34): Illuminate\\Container\\BoundMethod::callBoundMethod(Object(Laravel\\Lumen\\Application), Array, Object(Closure))
#20 C:\\xampp\\htdocs\\sekolahAPI\\vendor\\illuminate\\container\\Container.php(580): Illuminate\\Container\\BoundMethod::call(Object(Laravel\\Lumen\\Application), Array, Array, NULL)
#21 C:\\xampp\\htdocs\\sekolahAPI\\vendor\\laravel\\lumen-framework\\src\\Concerns\\RoutesRequests.php(376): Illuminate\\Container\\Container->call(Array, Array)
#22 C:\\xampp\\htdocs\\sekolahAPI\\vendor\\laravel\\lumen-framework\\src\\Concerns\\RoutesRequests.php(342): Laravel\\Lumen\\Application->callControllerCallable(Array, Array)
#23 C:\\xampp\\htdocs\\sekolahAPI\\vendor\\laravel\\lumen-framework\\src\\Concerns\\RoutesRequests.php(316): Laravel\\Lumen\\Application->callLumenController(Object(App\\Http\\Controllers\\SiswaController), 'create', Array)
#24 C:\\xampp\\htdocs\\sekolahAPI\\vendor\\laravel\\lumen-framework\\src\\Concerns\\RoutesRequests.php(278): Laravel\\Lumen\\Application->callControllerAction(Array)
#25 C:\\xampp\\htdocs\\sekolahAPI\\vendor\\laravel\\lumen-framework\\src\\Concerns\\RoutesRequests.php(263): Laravel\\Lumen\\Application->callActionOnArrayBasedRoute(Array)
#26 C:\\xampp\\htdocs\\sekolahAPI\\vendor\\laravel\\lumen-framework\\src\\Concerns\\RoutesRequests.php(165): Laravel\\Lumen\\Application->handleFoundRoute(Array)
#27 C:\\xampp\\htdocs\\sekolahAPI\\vendor\\laravel\\lumen-framework\\src\\Concerns\\RoutesRequests.php(416): Laravel\\Lumen\\Application->Laravel\\Lumen\\Concerns\\{closure}(Object(Laravel\\Lumen\\Http\\Request))
#28 C:\\xampp\\htdocs\\sekolahAPI\\vendor\\laravel\\lumen-framework\\src\\Concerns\\RoutesRequests.php(171): Laravel\\Lumen\\Application->sendThroughPipeline(Array, Object(Closure))
#29 C:\\xampp\\htdocs\\sekolahAPI\\vendor\\laravel\\lumen-framework\\src\\Concerns\\RoutesRequests.php(108): Laravel\\Lumen\\Application->dispatch(NULL)
#30 C:\\xampp\\htdocs\\sekolahAPI\\public\\index.php(28): Laravel\\Lumen\\Application->run()
#31 {main}
"} 
[2019-03-19 07:15:48] local.ERROR: PDOException: SQLSTATE[42S22]: Column not found: 1054 Unknown column 'nis' in 'field list' in C:\xampp\htdocs\sekolahAPI\vendor\illuminate\database\Connection.php:452
Stack trace:
#0 C:\xampp\htdocs\sekolahAPI\vendor\illuminate\database\Connection.php(452): PDO->prepare('insert into `t_...')
#1 C:\xampp\htdocs\sekolahAPI\vendor\illuminate\database\Connection.php(657): Illuminate\Database\Connection->Illuminate\Database\{closure}('insert into `t_...', Array)
#2 C:\xampp\htdocs\sekolahAPI\vendor\illuminate\database\Connection.php(624): Illuminate\Database\Connection->runQueryCallback('insert into `t_...', Array, Object(Closure))
#3 C:\xampp\htdocs\sekolahAPI\vendor\illuminate\database\Connection.php(459): Illuminate\Database\Connection->run('insert into `t_...', Array, Object(Closure))
#4 C:\xampp\htdocs\sekolahAPI\vendor\illuminate\database\Connection.php(411): Illuminate\Database\Connection->statement('insert into `t_...', Array)
#5 C:\xampp\htdocs\sekolahAPI\vendor\illuminate\database\Query\Processors\Processor.php(32): Illuminate\Database\Connection->insert('insert into `t_...', Array)
#6 C:\xampp\htdocs\sekolahAPI\vendor\illuminate\database\Query\Builder.php(2633): Illuminate\Database\Query\Processors\Processor->processInsertGetId(Object(Illuminate\Database\Query\Builder), 'insert into `t_...', Array, 'id')
#7 C:\xampp\htdocs\sekolahAPI\vendor\illuminate\database\Eloquent\Builder.php(1347): Illuminate\Database\Query\Builder->insertGetId(Array, 'id')
#8 C:\xampp\htdocs\sekolahAPI\vendor\illuminate\database\Eloquent\Model.php(835): Illuminate\Database\Eloquent\Builder->__call('insertGetId', Array)
#9 C:\xampp\htdocs\sekolahAPI\vendor\illuminate\database\Eloquent\Model.php(800): Illuminate\Database\Eloquent\Model->insertAndSetId(Object(Illuminate\Database\Eloquent\Builder), Array)
#10 C:\xampp\htdocs\sekolahAPI\vendor\illuminate\database\Eloquent\Model.php(663): Illuminate\Database\Eloquent\Model->performInsert(Object(Illuminate\Database\Eloquent\Builder))
#11 C:\xampp\htdocs\sekolahAPI\vendor\illuminate\database\Eloquent\Builder.php(793): Illuminate\Database\Eloquent\Model->save()
#12 C:\xampp\htdocs\sekolahAPI\vendor\illuminate\support\helpers.php(1122): Illuminate\Database\Eloquent\Builder->Illuminate\Database\Eloquent\{closure}(Object(App\Siswa))
#13 C:\xampp\htdocs\sekolahAPI\vendor\illuminate\database\Eloquent\Builder.php(794): tap(Object(App\Siswa), Object(Closure))
#14 C:\xampp\htdocs\sekolahAPI\vendor\illuminate\support\Traits\ForwardsCalls.php(23): Illuminate\Database\Eloquent\Builder->create(Array)
#15 C:\xampp\htdocs\sekolahAPI\vendor\illuminate\database\Eloquent\Model.php(1614): Illuminate\Database\Eloquent\Model->forwardCallTo(Object(Illuminate\Database\Eloquent\Builder), 'create', Array)
#16 C:\xampp\htdocs\sekolahAPI\vendor\illuminate\database\Eloquent\Model.php(1626): Illuminate\Database\Eloquent\Model->__call('create', Array)
#17 C:\xampp\htdocs\sekolahAPI\app\Http\Controllers\SiswaController.php(28): Illuminate\Database\Eloquent\Model::__callStatic('create', Array)
#18 [internal function]: App\Http\Controllers\SiswaController->create(Object(Laravel\Lumen\Http\Request))
#19 C:\xampp\htdocs\sekolahAPI\vendor\illuminate\container\BoundMethod.php(32): call_user_func_array(Array, Array)
#20 C:\xampp\htdocs\sekolahAPI\vendor\illuminate\container\BoundMethod.php(90): Illuminate\Container\BoundMethod::Illuminate\Container\{closure}()
#21 C:\xampp\htdocs\sekolahAPI\vendor\illuminate\container\BoundMethod.php(34): Illuminate\Container\BoundMethod::callBoundMethod(Object(Laravel\Lumen\Application), Array, Object(Closure))
#22 C:\xampp\htdocs\sekolahAPI\vendor\illuminate\container\Container.php(580): Illuminate\Container\BoundMethod::call(Object(Laravel\Lumen\Application), Array, Array, NULL)
#23 C:\xampp\htdocs\sekolahAPI\vendor\laravel\lumen-framework\src\Concerns\RoutesRequests.php(376): Illuminate\Container\Container->call(Array, Array)
#24 C:\xampp\htdocs\sekolahAPI\vendor\laravel\lumen-framework\src\Concerns\RoutesRequests.php(342): Laravel\Lumen\Application->callControllerCallable(Array, Array)
#25 C:\xampp\htdocs\sekolahAPI\vendor\laravel\lumen-framework\src\Concerns\RoutesRequests.php(316): Laravel\Lumen\Application->callLumenController(Object(App\Http\Controllers\SiswaController), 'create', Array)
#26 C:\xampp\htdocs\sekolahAPI\vendor\laravel\lumen-framework\src\Concerns\RoutesRequests.php(278): Laravel\Lumen\Application->callControllerAction(Array)
#27 C:\xampp\htdocs\sekolahAPI\vendor\laravel\lumen-framework\src\Concerns\RoutesRequests.php(263): Laravel\Lumen\Application->callActionOnArrayBasedRoute(Array)
#28 C:\xampp\htdocs\sekolahAPI\vendor\laravel\lumen-framework\src\Concerns\RoutesRequests.php(165): Laravel\Lumen\Application->handleFoundRoute(Array)
#29 C:\xampp\htdocs\sekolahAPI\vendor\laravel\lumen-framework\src\Concerns\RoutesRequests.php(416): Laravel\Lumen\Application->Laravel\Lumen\Concerns\{closure}(Object(Laravel\Lumen\Http\Request))
#30 C:\xampp\htdocs\sekolahAPI\vendor\laravel\lumen-framework\src\Concerns\RoutesRequests.php(171): Laravel\Lumen\Application->sendThroughPipeline(Array, Object(Closure))
#31 C:\xampp\htdocs\sekolahAPI\vendor\laravel\lumen-framework\src\Concerns\RoutesRequests.php(108): Laravel\Lumen\Application->dispatch(NULL)
#32 C:\xampp\htdocs\sekolahAPI\public\index.php(28): Laravel\Lumen\Application->run()
#33 {main}

Next Illuminate\Database\QueryException: SQLSTATE[42S22]: Column not found: 1054 Unknown column 'nis' in 'field list' (SQL: insert into `t_siswa` (`nis`, `nama_lengkap`, `jenis_kelamin`, `alamat`, `updated_at`, `created_at`) values (1617116689, Raihan Fajri, L, BHC Blok EE No. 6, 2019-03-19 07:15:48, 2019-03-19 07:15:48)) in C:\xampp\htdocs\sekolahAPI\vendor\illuminate\database\Connection.php:664
Stack trace:
#0 C:\xampp\htdocs\sekolahAPI\vendor\illuminate\database\Connection.php(624): Illuminate\Database\Connection->runQueryCallback('insert into `t_...', Array, Object(Closure))
#1 C:\xampp\htdocs\sekolahAPI\vendor\illuminate\database\Connection.php(459): Illuminate\Database\Connection->run('insert into `t_...', Array, Object(Closure))
#2 C:\xampp\htdocs\sekolahAPI\vendor\illuminate\database\Connection.php(411): Illuminate\Database\Connection->statement('insert into `t_...', Array)
#3 C:\xampp\htdocs\sekolahAPI\vendor\illuminate\database\Query\Processors\Processor.php(32): Illuminate\Database\Connection->insert('insert into `t_...', Array)
#4 C:\xampp\htdocs\sekolahAPI\vendor\illuminate\database\Query\Builder.php(2633): Illuminate\Database\Query\Processors\Processor->processInsertGetId(Object(Illuminate\Database\Query\Builder), 'insert into `t_...', Array, 'id')
#5 C:\xampp\htdocs\sekolahAPI\vendor\illuminate\database\Eloquent\Builder.php(1347): Illuminate\Database\Query\Builder->insertGetId(Array, 'id')
#6 C:\xampp\htdocs\sekolahAPI\vendor\illuminate\database\Eloquent\Model.php(835): Illuminate\Database\Eloquent\Builder->__call('insertGetId', Array)
#7 C:\xampp\htdocs\sekolahAPI\vendor\illuminate\database\Eloquent\Model.php(800): Illuminate\Database\Eloquent\Model->insertAndSetId(Object(Illuminate\Database\Eloquent\Builder), Array)
#8 C:\xampp\htdocs\sekolahAPI\vendor\illuminate\database\Eloquent\Model.php(663): Illuminate\Database\Eloquent\Model->performInsert(Object(Illuminate\Database\Eloquent\Builder))
#9 C:\xampp\htdocs\sekolahAPI\vendor\illuminate\database\Eloquent\Builder.php(793): Illuminate\Database\Eloquent\Model->save()
#10 C:\xampp\htdocs\sekolahAPI\vendor\illuminate\support\helpers.php(1122): Illuminate\Database\Eloquent\Builder->Illuminate\Database\Eloquent\{closure}(Object(App\Siswa))
#11 C:\xampp\htdocs\sekolahAPI\vendor\illuminate\database\Eloquent\Builder.php(794): tap(Object(App\Siswa), Object(Closure))
#12 C:\xampp\htdocs\sekolahAPI\vendor\illuminate\support\Traits\ForwardsCalls.php(23): Illuminate\Database\Eloquent\Builder->create(Array)
#13 C:\xampp\htdocs\sekolahAPI\vendor\illuminate\database\Eloquent\Model.php(1614): Illuminate\Database\Eloquent\Model->forwardCallTo(Object(Illuminate\Database\Eloquent\Builder), 'create', Array)
#14 C:\xampp\htdocs\sekolahAPI\vendor\illuminate\database\Eloquent\Model.php(1626): Illuminate\Database\Eloquent\Model->__call('create', Array)
#15 C:\xampp\htdocs\sekolahAPI\app\Http\Controllers\SiswaController.php(28): Illuminate\Database\Eloquent\Model::__callStatic('create', Array)
#16 [internal function]: App\Http\Controllers\SiswaController->create(Object(Laravel\Lumen\Http\Request))
#17 C:\xampp\htdocs\sekolahAPI\vendor\illuminate\container\BoundMethod.php(32): call_user_func_array(Array, Array)
#18 C:\xampp\htdocs\sekolahAPI\vendor\illuminate\container\BoundMethod.php(90): Illuminate\Container\BoundMethod::Illuminate\Container\{closure}()
#19 C:\xampp\htdocs\sekolahAPI\vendor\illuminate\container\BoundMethod.php(34): Illuminate\Container\BoundMethod::callBoundMethod(Object(Laravel\Lumen\Application), Array, Object(Closure))
#20 C:\xampp\htdocs\sekolahAPI\vendor\illuminate\container\Container.php(580): Illuminate\Container\BoundMethod::call(Object(Laravel\Lumen\Application), Array, Array, NULL)
#21 C:\xampp\htdocs\sekolahAPI\vendor\laravel\lumen-framework\src\Concerns\RoutesRequests.php(376): Illuminate\Container\Container->call(Array, Array)
#22 C:\xampp\htdocs\sekolahAPI\vendor\laravel\lumen-framework\src\Concerns\RoutesRequests.php(342): Laravel\Lumen\Application->callControllerCallable(Array, Array)
#23 C:\xampp\htdocs\sekolahAPI\vendor\laravel\lumen-framework\src\Concerns\RoutesRequests.php(316): Laravel\Lumen\Application->callLumenController(Object(App\Http\Controllers\SiswaController), 'create', Array)
#24 C:\xampp\htdocs\sekolahAPI\vendor\laravel\lumen-framework\src\Concerns\RoutesRequests.php(278): Laravel\Lumen\Application->callControllerAction(Array)
#25 C:\xampp\htdocs\sekolahAPI\vendor\laravel\lumen-framework\src\Concerns\RoutesRequests.php(263): Laravel\Lumen\Application->callActionOnArrayBasedRoute(Array)
#26 C:\xampp\htdocs\sekolahAPI\vendor\laravel\lumen-framework\src\Concerns\RoutesRequests.php(165): Laravel\Lumen\Application->handleFoundRoute(Array)
#27 C:\xampp\htdocs\sekolahAPI\vendor\laravel\lumen-framework\src\Concerns\RoutesRequests.php(416): Laravel\Lumen\Application->Laravel\Lumen\Concerns\{closure}(Object(Laravel\Lumen\Http\Request))
#28 C:\xampp\htdocs\sekolahAPI\vendor\laravel\lumen-framework\src\Concerns\RoutesRequests.php(171): Laravel\Lumen\Application->sendThroughPipeline(Array, Object(Closure))
#29 C:\xampp\htdocs\sekolahAPI\vendor\laravel\lumen-framework\src\Concerns\RoutesRequests.php(108): Laravel\Lumen\Application->dispatch(NULL)
#30 C:\xampp\htdocs\sekolahAPI\public\index.php(28): Laravel\Lumen\Application->run()
#31 {main} {"exception":"[object] (Illuminate\\Database\\QueryException(code: 42S22): SQLSTATE[42S22]: Column not found: 1054 Unknown column 'nis' in 'field list' (SQL: insert into `t_siswa` (`nis`, `nama_lengkap`, `jenis_kelamin`, `alamat`, `updated_at`, `created_at`) values (1617116689, Raihan Fajri, L, BHC Blok EE No. 6, 2019-03-19 07:15:48, 2019-03-19 07:15:48)) at C:\\xampp\\htdocs\\sekolahAPI\\vendor\\illuminate\\database\\Connection.php:664, PDOException(code: 42S22): SQLSTATE[42S22]: Column not found: 1054 Unknown column 'nis' in 'field list' at C:\\xampp\\htdocs\\sekolahAPI\\vendor\\illuminate\\database\\Connection.php:452)
[stacktrace]
#0 C:\\xampp\\htdocs\\sekolahAPI\\vendor\\illuminate\\database\\Connection.php(624): Illuminate\\Database\\Connection->runQueryCallback('insert into `t_...', Array, Object(Closure))
#1 C:\\xampp\\htdocs\\sekolahAPI\\vendor\\illuminate\\database\\Connection.php(459): Illuminate\\Database\\Connection->run('insert into `t_...', Array, Object(Closure))
#2 C:\\xampp\\htdocs\\sekolahAPI\\vendor\\illuminate\\database\\Connection.php(411): Illuminate\\Database\\Connection->statement('insert into `t_...', Array)
#3 C:\\xampp\\htdocs\\sekolahAPI\\vendor\\illuminate\\database\\Query\\Processors\\Processor.php(32): Illuminate\\Database\\Connection->insert('insert into `t_...', Array)
#4 C:\\xampp\\htdocs\\sekolahAPI\\vendor\\illuminate\\database\\Query\\Builder.php(2633): Illuminate\\Database\\Query\\Processors\\Processor->processInsertGetId(Object(Illuminate\\Database\\Query\\Builder), 'insert into `t_...', Array, 'id')
#5 C:\\xampp\\htdocs\\sekolahAPI\\vendor\\illuminate\\database\\Eloquent\\Builder.php(1347): Illuminate\\Database\\Query\\Builder->insertGetId(Array, 'id')
#6 C:\\xampp\\htdocs\\sekolahAPI\\vendor\\illuminate\\database\\Eloquent\\Model.php(835): Illuminate\\Database\\Eloquent\\Builder->__call('insertGetId', Array)
#7 C:\\xampp\\htdocs\\sekolahAPI\\vendor\\illuminate\\database\\Eloquent\\Model.php(800): Illuminate\\Database\\Eloquent\\Model->insertAndSetId(Object(Illuminate\\Database\\Eloquent\\Builder), Array)
#8 C:\\xampp\\htdocs\\sekolahAPI\\vendor\\illuminate\\database\\Eloquent\\Model.php(663): Illuminate\\Database\\Eloquent\\Model->performInsert(Object(Illuminate\\Database\\Eloquent\\Builder))
#9 C:\\xampp\\htdocs\\sekolahAPI\\vendor\\illuminate\\database\\Eloquent\\Builder.php(793): Illuminate\\Database\\Eloquent\\Model->save()
#10 C:\\xampp\\htdocs\\sekolahAPI\\vendor\\illuminate\\support\\helpers.php(1122): Illuminate\\Database\\Eloquent\\Builder->Illuminate\\Database\\Eloquent\\{closure}(Object(App\\Siswa))
#11 C:\\xampp\\htdocs\\sekolahAPI\\vendor\\illuminate\\database\\Eloquent\\Builder.php(794): tap(Object(App\\Siswa), Object(Closure))
#12 C:\\xampp\\htdocs\\sekolahAPI\\vendor\\illuminate\\support\\Traits\\ForwardsCalls.php(23): Illuminate\\Database\\Eloquent\\Builder->create(Array)
#13 C:\\xampp\\htdocs\\sekolahAPI\\vendor\\illuminate\\database\\Eloquent\\Model.php(1614): Illuminate\\Database\\Eloquent\\Model->forwardCallTo(Object(Illuminate\\Database\\Eloquent\\Builder), 'create', Array)
#14 C:\\xampp\\htdocs\\sekolahAPI\\vendor\\illuminate\\database\\Eloquent\\Model.php(1626): Illuminate\\Database\\Eloquent\\Model->__call('create', Array)
#15 C:\\xampp\\htdocs\\sekolahAPI\\app\\Http\\Controllers\\SiswaController.php(28): Illuminate\\Database\\Eloquent\\Model::__callStatic('create', Array)
#16 [internal function]: App\\Http\\Controllers\\SiswaController->create(Object(Laravel\\Lumen\\Http\\Request))
#17 C:\\xampp\\htdocs\\sekolahAPI\\vendor\\illuminate\\container\\BoundMethod.php(32): call_user_func_array(Array, Array)
#18 C:\\xampp\\htdocs\\sekolahAPI\\vendor\\illuminate\\container\\BoundMethod.php(90): Illuminate\\Container\\BoundMethod::Illuminate\\Container\\{closure}()
#19 C:\\xampp\\htdocs\\sekolahAPI\\vendor\\illuminate\\container\\BoundMethod.php(34): Illuminate\\Container\\BoundMethod::callBoundMethod(Object(Laravel\\Lumen\\Application), Array, Object(Closure))
#20 C:\\xampp\\htdocs\\sekolahAPI\\vendor\\illuminate\\container\\Container.php(580): Illuminate\\Container\\BoundMethod::call(Object(Laravel\\Lumen\\Application), Array, Array, NULL)
#21 C:\\xampp\\htdocs\\sekolahAPI\\vendor\\laravel\\lumen-framework\\src\\Concerns\\RoutesRequests.php(376): Illuminate\\Container\\Container->call(Array, Array)
#22 C:\\xampp\\htdocs\\sekolahAPI\\vendor\\laravel\\lumen-framework\\src\\Concerns\\RoutesRequests.php(342): Laravel\\Lumen\\Application->callControllerCallable(Array, Array)
#23 C:\\xampp\\htdocs\\sekolahAPI\\vendor\\laravel\\lumen-framework\\src\\Concerns\\RoutesRequests.php(316): Laravel\\Lumen\\Application->callLumenController(Object(App\\Http\\Controllers\\SiswaController), 'create', Array)
#24 C:\\xampp\\htdocs\\sekolahAPI\\vendor\\laravel\\lumen-framework\\src\\Concerns\\RoutesRequests.php(278): Laravel\\Lumen\\Application->callControllerAction(Array)
#25 C:\\xampp\\htdocs\\sekolahAPI\\vendor\\laravel\\lumen-framework\\src\\Concerns\\RoutesRequests.php(263): Laravel\\Lumen\\Application->callActionOnArrayBasedRoute(Array)
#26 C:\\xampp\\htdocs\\sekolahAPI\\vendor\\laravel\\lumen-framework\\src\\Concerns\\RoutesRequests.php(165): Laravel\\Lumen\\Application->handleFoundRoute(Array)
#27 C:\\xampp\\htdocs\\sekolahAPI\\vendor\\laravel\\lumen-framework\\src\\Concerns\\RoutesRequests.php(416): Laravel\\Lumen\\Application->Laravel\\Lumen\\Concerns\\{closure}(Object(Laravel\\Lumen\\Http\\Request))
#28 C:\\xampp\\htdocs\\sekolahAPI\\vendor\\laravel\\lumen-framework\\src\\Concerns\\RoutesRequests.php(171): Laravel\\Lumen\\Application->sendThroughPipeline(Array, Object(Closure))
#29 C:\\xampp\\htdocs\\sekolahAPI\\vendor\\laravel\\lumen-framework\\src\\Concerns\\RoutesRequests.php(108): Laravel\\Lumen\\Application->dispatch(NULL)
#30 C:\\xampp\\htdocs\\sekolahAPI\\public\\index.php(28): Laravel\\Lumen\\Application->run()
#31 {main}
"} 
[2019-03-19 07:50:58] local.ERROR: Symfony\Component\Debug\Exception\FatalThrowableError: Too few arguments to function App\Http\Controllers\SiswaController::update(), 1 passed and exactly 2 expected in C:\xampp\htdocs\sekolahAPI\app\Http\Controllers\SiswaController.php:54
Stack trace:
#0 [internal function]: App\Http\Controllers\SiswaController->update(Object(Laravel\Lumen\Http\Request))
#1 C:\xampp\htdocs\sekolahAPI\vendor\illuminate\container\BoundMethod.php(32): call_user_func_array(Array, Array)
#2 C:\xampp\htdocs\sekolahAPI\vendor\illuminate\container\BoundMethod.php(90): Illuminate\Container\BoundMethod::Illuminate\Container\{closure}()
#3 C:\xampp\htdocs\sekolahAPI\vendor\illuminate\container\BoundMethod.php(34): Illuminate\Container\BoundMethod::callBoundMethod(Object(Laravel\Lumen\Application), Array, Object(Closure))
#4 C:\xampp\htdocs\sekolahAPI\vendor\illuminate\container\Container.php(580): Illuminate\Container\BoundMethod::call(Object(Laravel\Lumen\Application), Array, Array, NULL)
#5 C:\xampp\htdocs\sekolahAPI\vendor\laravel\lumen-framework\src\Concerns\RoutesRequests.php(376): Illuminate\Container\Container->call(Array, Array)
#6 C:\xampp\htdocs\sekolahAPI\vendor\laravel\lumen-framework\src\Concerns\RoutesRequests.php(342): Laravel\Lumen\Application->callControllerCallable(Array, Array)
#7 C:\xampp\htdocs\sekolahAPI\vendor\laravel\lumen-framework\src\Concerns\RoutesRequests.php(316): Laravel\Lumen\Application->callLumenController(Object(App\Http\Controllers\SiswaController), 'update', Array)
#8 C:\xampp\htdocs\sekolahAPI\vendor\laravel\lumen-framework\src\Concerns\RoutesRequests.php(278): Laravel\Lumen\Application->callControllerAction(Array)
#9 C:\xampp\htdocs\sekolahAPI\vendor\laravel\lumen-framework\src\Concerns\RoutesRequests.php(263): Laravel\Lumen\Application->callActionOnArrayBasedRoute(Array)
#10 C:\xampp\htdocs\sekolahAPI\vendor\laravel\lumen-framework\src\Concerns\RoutesRequests.php(165): Laravel\Lumen\Application->handleFoundRoute(Array)
#11 C:\xampp\htdocs\sekolahAPI\vendor\laravel\lumen-framework\src\Concerns\RoutesRequests.php(416): Laravel\Lumen\Application->Laravel\Lumen\Concerns\{closure}(Object(Laravel\Lumen\Http\Request))
#12 C:\xampp\htdocs\sekolahAPI\vendor\laravel\lumen-framework\src\Concerns\RoutesRequests.php(171): Laravel\Lumen\Application->sendThroughPipeline(Array, Object(Closure))
#13 C:\xampp\htdocs\sekolahAPI\vendor\laravel\lumen-framework\src\Concerns\RoutesRequests.php(108): Laravel\Lumen\Application->dispatch(NULL)
#14 C:\xampp\htdocs\sekolahAPI\public\index.php(28): Laravel\Lumen\Application->run()
#15 {main} {"exception":"[object] (Symfony\\Component\\Debug\\Exception\\FatalThrowableError(code: 0): Too few arguments to function App\\Http\\Controllers\\SiswaController::update(), 1 passed and exactly 2 expected at C:\\xampp\\htdocs\\sekolahAPI\\app\\Http\\Controllers\\SiswaController.php:54)
[stacktrace]
#0 [internal function]: App\\Http\\Controllers\\SiswaController->update(Object(Laravel\\Lumen\\Http\\Request))
#1 C:\\xampp\\htdocs\\sekolahAPI\\vendor\\illuminate\\container\\BoundMethod.php(32): call_user_func_array(Array, Array)
#2 C:\\xampp\\htdocs\\sekolahAPI\\vendor\\illuminate\\container\\BoundMethod.php(90): Illuminate\\Container\\BoundMethod::Illuminate\\Container\\{closure}()
#3 C:\\xampp\\htdocs\\sekolahAPI\\vendor\\illuminate\\container\\BoundMethod.php(34): Illuminate\\Container\\BoundMethod::callBoundMethod(Object(Laravel\\Lumen\\Application), Array, Object(Closure))
#4 C:\\xampp\\htdocs\\sekolahAPI\\vendor\\illuminate\\container\\Container.php(580): Illuminate\\Container\\BoundMethod::call(Object(Laravel\\Lumen\\Application), Array, Array, NULL)
#5 C:\\xampp\\htdocs\\sekolahAPI\\vendor\\laravel\\lumen-framework\\src\\Concerns\\RoutesRequests.php(376): Illuminate\\Container\\Container->call(Array, Array)
#6 C:\\xampp\\htdocs\\sekolahAPI\\vendor\\laravel\\lumen-framework\\src\\Concerns\\RoutesRequests.php(342): Laravel\\Lumen\\Application->callControllerCallable(Array, Array)
#7 C:\\xampp\\htdocs\\sekolahAPI\\vendor\\laravel\\lumen-framework\\src\\Concerns\\RoutesRequests.php(316): Laravel\\Lumen\\Application->callLumenController(Object(App\\Http\\Controllers\\SiswaController), 'update', Array)
#8 C:\\xampp\\htdocs\\sekolahAPI\\vendor\\laravel\\lumen-framework\\src\\Concerns\\RoutesRequests.php(278): Laravel\\Lumen\\Application->callControllerAction(Array)
#9 C:\\xampp\\htdocs\\sekolahAPI\\vendor\\laravel\\lumen-framework\\src\\Concerns\\RoutesRequests.php(263): Laravel\\Lumen\\Application->callActionOnArrayBasedRoute(Array)
#10 C:\\xampp\\htdocs\\sekolahAPI\\vendor\\laravel\\lumen-framework\\src\\Concerns\\RoutesRequests.php(165): Laravel\\Lumen\\Application->handleFoundRoute(Array)
#11 C:\\xampp\\htdocs\\sekolahAPI\\vendor\\laravel\\lumen-framework\\src\\Concerns\\RoutesRequests.php(416): Laravel\\Lumen\\Application->Laravel\\Lumen\\Concerns\\{closure}(Object(Laravel\\Lumen\\Http\\Request))
#12 C:\\xampp\\htdocs\\sekolahAPI\\vendor\\laravel\\lumen-framework\\src\\Concerns\\RoutesRequests.php(171): Laravel\\Lumen\\Application->sendThroughPipeline(Array, Object(Closure))
#13 C:\\xampp\\htdocs\\sekolahAPI\\vendor\\laravel\\lumen-framework\\src\\Concerns\\RoutesRequests.php(108): Laravel\\Lumen\\Application->dispatch(NULL)
#14 C:\\xampp\\htdocs\\sekolahAPI\\public\\index.php(28): Laravel\\Lumen\\Application->run()
#15 {main}
"} 
[2019-03-19 07:52:00] local.ERROR: Symfony\Component\Debug\Exception\FatalThrowableError: Too few arguments to function App\Http\Controllers\SiswaController::update(), 1 passed and exactly 2 expected in C:\xampp\htdocs\sekolahAPI\app\Http\Controllers\SiswaController.php:54
Stack trace:
#0 [internal function]: App\Http\Controllers\SiswaController->update(Object(Laravel\Lumen\Http\Request))
#1 C:\xampp\htdocs\sekolahAPI\vendor\illuminate\container\BoundMethod.php(32): call_user_func_array(Array, Array)
#2 C:\xampp\htdocs\sekolahAPI\vendor\illuminate\container\BoundMethod.php(90): Illuminate\Container\BoundMethod::Illuminate\Container\{closure}()
#3 C:\xampp\htdocs\sekolahAPI\vendor\illuminate\container\BoundMethod.php(34): Illuminate\Container\BoundMethod::callBoundMethod(Object(Laravel\Lumen\Application), Array, Object(Closure))
#4 C:\xampp\htdocs\sekolahAPI\vendor\illuminate\container\Container.php(580): Illuminate\Container\BoundMethod::call(Object(Laravel\Lumen\Application), Array, Array, NULL)
#5 C:\xampp\htdocs\sekolahAPI\vendor\laravel\lumen-framework\src\Concerns\RoutesRequests.php(376): Illuminate\Container\Container->call(Array, Array)
#6 C:\xampp\htdocs\sekolahAPI\vendor\laravel\lumen-framework\src\Concerns\RoutesRequests.php(342): Laravel\Lumen\Application->callControllerCallable(Array, Array)
#7 C:\xampp\htdocs\sekolahAPI\vendor\laravel\lumen-framework\src\Concerns\RoutesRequests.php(316): Laravel\Lumen\Application->callLumenController(Object(App\Http\Controllers\SiswaController), 'update', Array)
#8 C:\xampp\htdocs\sekolahAPI\vendor\laravel\lumen-framework\src\Concerns\RoutesRequests.php(278): Laravel\Lumen\Application->callControllerAction(Array)
#9 C:\xampp\htdocs\sekolahAPI\vendor\laravel\lumen-framework\src\Concerns\RoutesRequests.php(263): Laravel\Lumen\Application->callActionOnArrayBasedRoute(Array)
#10 C:\xampp\htdocs\sekolahAPI\vendor\laravel\lumen-framework\src\Concerns\RoutesRequests.php(165): Laravel\Lumen\Application->handleFoundRoute(Array)
#11 C:\xampp\htdocs\sekolahAPI\vendor\laravel\lumen-framework\src\Concerns\RoutesRequests.php(416): Laravel\Lumen\Application->Laravel\Lumen\Concerns\{closure}(Object(Laravel\Lumen\Http\Request))
#12 C:\xampp\htdocs\sekolahAPI\vendor\laravel\lumen-framework\src\Concerns\RoutesRequests.php(171): Laravel\Lumen\Application->sendThroughPipeline(Array, Object(Closure))
#13 C:\xampp\htdocs\sekolahAPI\vendor\laravel\lumen-framework\src\Concerns\RoutesRequests.php(108): Laravel\Lumen\Application->dispatch(NULL)
#14 C:\xampp\htdocs\sekolahAPI\public\index.php(28): Laravel\Lumen\Application->run()
#15 {main} {"exception":"[object] (Symfony\\Component\\Debug\\Exception\\FatalThrowableError(code: 0): Too few arguments to function App\\Http\\Controllers\\SiswaController::update(), 1 passed and exactly 2 expected at C:\\xampp\\htdocs\\sekolahAPI\\app\\Http\\Controllers\\SiswaController.php:54)
[stacktrace]
#0 [internal function]: App\\Http\\Controllers\\SiswaController->update(Object(Laravel\\Lumen\\Http\\Request))
#1 C:\\xampp\\htdocs\\sekolahAPI\\vendor\\illuminate\\container\\BoundMethod.php(32): call_user_func_array(Array, Array)
#2 C:\\xampp\\htdocs\\sekolahAPI\\vendor\\illuminate\\container\\BoundMethod.php(90): Illuminate\\Container\\BoundMethod::Illuminate\\Container\\{closure}()
#3 C:\\xampp\\htdocs\\sekolahAPI\\vendor\\illuminate\\container\\BoundMethod.php(34): Illuminate\\Container\\BoundMethod::callBoundMethod(Object(Laravel\\Lumen\\Application), Array, Object(Closure))
#4 C:\\xampp\\htdocs\\sekolahAPI\\vendor\\illuminate\\container\\Container.php(580): Illuminate\\Container\\BoundMethod::call(Object(Laravel\\Lumen\\Application), Array, Array, NULL)
#5 C:\\xampp\\htdocs\\sekolahAPI\\vendor\\laravel\\lumen-framework\\src\\Concerns\\RoutesRequests.php(376): Illuminate\\Container\\Container->call(Array, Array)
#6 C:\\xampp\\htdocs\\sekolahAPI\\vendor\\laravel\\lumen-framework\\src\\Concerns\\RoutesRequests.php(342): Laravel\\Lumen\\Application->callControllerCallable(Array, Array)
#7 C:\\xampp\\htdocs\\sekolahAPI\\vendor\\laravel\\lumen-framework\\src\\Concerns\\RoutesRequests.php(316): Laravel\\Lumen\\Application->callLumenController(Object(App\\Http\\Controllers\\SiswaController), 'update', Array)
#8 C:\\xampp\\htdocs\\sekolahAPI\\vendor\\laravel\\lumen-framework\\src\\Concerns\\RoutesRequests.php(278): Laravel\\Lumen\\Application->callControllerAction(Array)
#9 C:\\xampp\\htdocs\\sekolahAPI\\vendor\\laravel\\lumen-framework\\src\\Concerns\\RoutesRequests.php(263): Laravel\\Lumen\\Application->callActionOnArrayBasedRoute(Array)
#10 C:\\xampp\\htdocs\\sekolahAPI\\vendor\\laravel\\lumen-framework\\src\\Concerns\\RoutesRequests.php(165): Laravel\\Lumen\\Application->handleFoundRoute(Array)
#11 C:\\xampp\\htdocs\\sekolahAPI\\vendor\\laravel\\lumen-framework\\src\\Concerns\\RoutesRequests.php(416): Laravel\\Lumen\\Application->Laravel\\Lumen\\Concerns\\{closure}(Object(Laravel\\Lumen\\Http\\Request))
#12 C:\\xampp\\htdocs\\sekolahAPI\\vendor\\laravel\\lumen-framework\\src\\Concerns\\RoutesRequests.php(171): Laravel\\Lumen\\Application->sendThroughPipeline(Array, Object(Closure))
#13 C:\\xampp\\htdocs\\sekolahAPI\\vendor\\laravel\\lumen-framework\\src\\Concerns\\RoutesRequests.php(108): Laravel\\Lumen\\Application->dispatch(NULL)
#14 C:\\xampp\\htdocs\\sekolahAPI\\public\\index.php(28): Laravel\\Lumen\\Application->run()
#15 {main}
"} 
[2019-03-19 07:52:17] local.ERROR: Symfony\Component\Debug\Exception\FatalThrowableError: Too few arguments to function App\Http\Controllers\SiswaController::update(), 1 passed and exactly 2 expected in C:\xampp\htdocs\sekolahAPI\app\Http\Controllers\SiswaController.php:54
Stack trace:
#0 [internal function]: App\Http\Controllers\SiswaController->update(Object(Laravel\Lumen\Http\Request))
#1 C:\xampp\htdocs\sekolahAPI\vendor\illuminate\container\BoundMethod.php(32): call_user_func_array(Array, Array)
#2 C:\xampp\htdocs\sekolahAPI\vendor\illuminate\container\BoundMethod.php(90): Illuminate\Container\BoundMethod::Illuminate\Container\{closure}()
#3 C:\xampp\htdocs\sekolahAPI\vendor\illuminate\container\BoundMethod.php(34): Illuminate\Container\BoundMethod::callBoundMethod(Object(Laravel\Lumen\Application), Array, Object(Closure))
#4 C:\xampp\htdocs\sekolahAPI\vendor\illuminate\container\Container.php(580): Illuminate\Container\BoundMethod::call(Object(Laravel\Lumen\Application), Array, Array, NULL)
#5 C:\xampp\htdocs\sekolahAPI\vendor\laravel\lumen-framework\src\Concerns\RoutesRequests.php(376): Illuminate\Container\Container->call(Array, Array)
#6 C:\xampp\htdocs\sekolahAPI\vendor\laravel\lumen-framework\src\Concerns\RoutesRequests.php(342): Laravel\Lumen\Application->callControllerCallable(Array, Array)
#7 C:\xampp\htdocs\sekolahAPI\vendor\laravel\lumen-framework\src\Concerns\RoutesRequests.php(316): Laravel\Lumen\Application->callLumenController(Object(App\Http\Controllers\SiswaController), 'update', Array)
#8 C:\xampp\htdocs\sekolahAPI\vendor\laravel\lumen-framework\src\Concerns\RoutesRequests.php(278): Laravel\Lumen\Application->callControllerAction(Array)
#9 C:\xampp\htdocs\sekolahAPI\vendor\laravel\lumen-framework\src\Concerns\RoutesRequests.php(263): Laravel\Lumen\Application->callActionOnArrayBasedRoute(Array)
#10 C:\xampp\htdocs\sekolahAPI\vendor\laravel\lumen-framework\src\Concerns\RoutesRequests.php(165): Laravel\Lumen\Application->handleFoundRoute(Array)
#11 C:\xampp\htdocs\sekolahAPI\vendor\laravel\lumen-framework\src\Concerns\RoutesRequests.php(416): Laravel\Lumen\Application->Laravel\Lumen\Concerns\{closure}(Object(Laravel\Lumen\Http\Request))
#12 C:\xampp\htdocs\sekolahAPI\vendor\laravel\lumen-framework\src\Concerns\RoutesRequests.php(171): Laravel\Lumen\Application->sendThroughPipeline(Array, Object(Closure))
#13 C:\xampp\htdocs\sekolahAPI\vendor\laravel\lumen-framework\src\Concerns\RoutesRequests.php(108): Laravel\Lumen\Application->dispatch(NULL)
#14 C:\xampp\htdocs\sekolahAPI\public\index.php(28): Laravel\Lumen\Application->run()
#15 {main} {"exception":"[object] (Symfony\\Component\\Debug\\Exception\\FatalThrowableError(code: 0): Too few arguments to function App\\Http\\Controllers\\SiswaController::update(), 1 passed and exactly 2 expected at C:\\xampp\\htdocs\\sekolahAPI\\app\\Http\\Controllers\\SiswaController.php:54)
[stacktrace]
#0 [internal function]: App\\Http\\Controllers\\SiswaController->update(Object(Laravel\\Lumen\\Http\\Request))
#1 C:\\xampp\\htdocs\\sekolahAPI\\vendor\\illuminate\\container\\BoundMethod.php(32): call_user_func_array(Array, Array)
#2 C:\\xampp\\htdocs\\sekolahAPI\\vendor\\illuminate\\container\\BoundMethod.php(90): Illuminate\\Container\\BoundMethod::Illuminate\\Container\\{closure}()
#3 C:\\xampp\\htdocs\\sekolahAPI\\vendor\\illuminate\\container\\BoundMethod.php(34): Illuminate\\Container\\BoundMethod::callBoundMethod(Object(Laravel\\Lumen\\Application), Array, Object(Closure))
#4 C:\\xampp\\htdocs\\sekolahAPI\\vendor\\illuminate\\container\\Container.php(580): Illuminate\\Container\\BoundMethod::call(Object(Laravel\\Lumen\\Application), Array, Array, NULL)
#5 C:\\xampp\\htdocs\\sekolahAPI\\vendor\\laravel\\lumen-framework\\src\\Concerns\\RoutesRequests.php(376): Illuminate\\Container\\Container->call(Array, Array)
#6 C:\\xampp\\htdocs\\sekolahAPI\\vendor\\laravel\\lumen-framework\\src\\Concerns\\RoutesRequests.php(342): Laravel\\Lumen\\Application->callControllerCallable(Array, Array)
#7 C:\\xampp\\htdocs\\sekolahAPI\\vendor\\laravel\\lumen-framework\\src\\Concerns\\RoutesRequests.php(316): Laravel\\Lumen\\Application->callLumenController(Object(App\\Http\\Controllers\\SiswaController), 'update', Array)
#8 C:\\xampp\\htdocs\\sekolahAPI\\vendor\\laravel\\lumen-framework\\src\\Concerns\\RoutesRequests.php(278): Laravel\\Lumen\\Application->callControllerAction(Array)
#9 C:\\xampp\\htdocs\\sekolahAPI\\vendor\\laravel\\lumen-framework\\src\\Concerns\\RoutesRequests.php(263): Laravel\\Lumen\\Application->callActionOnArrayBasedRoute(Array)
#10 C:\\xampp\\htdocs\\sekolahAPI\\vendor\\laravel\\lumen-framework\\src\\Concerns\\RoutesRequests.php(165): Laravel\\Lumen\\Application->handleFoundRoute(Array)
#11 C:\\xampp\\htdocs\\sekolahAPI\\vendor\\laravel\\lumen-framework\\src\\Concerns\\RoutesRequests.php(416): Laravel\\Lumen\\Application->Laravel\\Lumen\\Concerns\\{closure}(Object(Laravel\\Lumen\\Http\\Request))
#12 C:\\xampp\\htdocs\\sekolahAPI\\vendor\\laravel\\lumen-framework\\src\\Concerns\\RoutesRequests.php(171): Laravel\\Lumen\\Application->sendThroughPipeline(Array, Object(Closure))
#13 C:\\xampp\\htdocs\\sekolahAPI\\vendor\\laravel\\lumen-framework\\src\\Concerns\\RoutesRequests.php(108): Laravel\\Lumen\\Application->dispatch(NULL)
#14 C:\\xampp\\htdocs\\sekolahAPI\\public\\index.php(28): Laravel\\Lumen\\Application->run()
#15 {main}
"} 
